{"/home/travis/build/npmtest/node-npmtest-node-resemble-js/test.js":{"path":"/home/travis/build/npmtest/node-npmtest-node-resemble-js/test.js","s":{"1":2,"2":2,"3":2,"4":2,"5":2,"6":2,"7":2,"8":1,"9":2,"10":2,"11":1,"12":1,"13":1,"14":1,"15":2,"16":2,"17":2,"18":2,"19":1,"20":1,"21":2,"22":2,"23":2,"24":1,"25":1,"26":1,"27":1,"28":1,"29":1,"30":1,"31":1,"32":1,"33":1,"34":1,"35":1,"36":1,"37":1,"38":1,"39":2,"40":2,"41":1,"42":2,"43":2,"44":1,"45":2,"46":2,"47":1,"48":2,"49":2,"50":1,"51":1,"52":1,"53":1,"54":1},"b":{"1":[2,1,1,1],"2":[1,1,1,1],"3":[1,1],"4":[1,1],"5":[1,1],"6":[1,1],"7":[1,1],"8":[1,1],"9":[1,1],"10":[1,1,1],"11":[1,1],"12":[1,1],"13":[1,1],"14":[1,1],"15":[1,1],"16":[1,1],"17":[1,1]},"f":{"1":2,"2":2,"3":2,"4":2,"5":2,"6":1,"7":1,"8":1,"9":2,"10":2,"11":2,"12":2,"13":1},"fnMap":{"1":{"name":"(anonymous_1)","line":12,"loc":{"start":{"line":12,"column":1},"end":{"line":12,"column":13}}},"2":{"name":"(anonymous_2)","line":19,"loc":{"start":{"line":19,"column":5},"end":{"line":19,"column":17}}},"3":{"name":"(anonymous_3)","line":23,"loc":{"start":{"line":23,"column":24},"end":{"line":23,"column":36}}},"4":{"name":"(anonymous_4)","line":61,"loc":{"start":{"line":61,"column":5},"end":{"line":61,"column":17}}},"5":{"name":"(anonymous_5)","line":82,"loc":{"start":{"line":82,"column":5},"end":{"line":82,"column":17}}},"6":{"name":"(anonymous_6)","line":91,"loc":{"start":{"line":91,"column":77},"end":{"line":94,"column":10}}},"7":{"name":"(anonymous_7)","line":112,"loc":{"start":{"line":112,"column":83},"end":{"line":115,"column":10}},"skip":true},"8":{"name":"(anonymous_8)","line":123,"loc":{"start":{"line":123,"column":77},"end":{"line":126,"column":10}},"skip":true},"9":{"name":"(anonymous_9)","line":139,"loc":{"start":{"line":139,"column":12},"end":{"line":139,"column":40}},"skip":true},"10":{"name":"(anonymous_10)","line":147,"loc":{"start":{"line":147,"column":77},"end":{"line":150,"column":10}},"skip":true},"11":{"name":"(anonymous_11)","line":158,"loc":{"start":{"line":158,"column":83},"end":{"line":161,"column":10}},"skip":true},"12":{"name":"(anonymous_12)","line":169,"loc":{"start":{"line":169,"column":79},"end":{"line":172,"column":10}},"skip":true},"13":{"name":"(anonymous_13)","line":180,"loc":{"start":{"line":180,"column":75},"end":{"line":183,"column":10}},"skip":true}},"statementMap":{"1":{"start":{"line":12,"column":0},"end":{"line":195,"column":5}},"2":{"start":{"line":14,"column":4},"end":{"line":14,"column":14}},"3":{"start":{"line":19,"column":4},"end":{"line":56,"column":9}},"4":{"start":{"line":21,"column":8},"end":{"line":21,"column":19}},"5":{"start":{"line":23,"column":8},"end":{"line":35,"column":13}},"6":{"start":{"line":24,"column":12},"end":{"line":34,"column":13}},"7":{"start":{"line":25,"column":16},"end":{"line":28,"column":30}},"8":{"start":{"line":30,"column":16},"end":{"line":33,"column":27}},"9":{"start":{"line":37,"column":8},"end":{"line":39,"column":21}},"10":{"start":{"line":40,"column":8},"end":{"line":53,"column":9}},"11":{"start":{"line":43,"column":12},"end":{"line":46,"column":14}},"12":{"start":{"line":47,"column":12},"end":{"line":47,"column":18}},"13":{"start":{"line":50,"column":12},"end":{"line":51,"column":33}},"14":{"start":{"line":52,"column":12},"end":{"line":52,"column":18}},"15":{"start":{"line":55,"column":8},"end":{"line":55,"column":35}},"16":{"start":{"line":61,"column":4},"end":{"line":63,"column":9}},"17":{"start":{"line":62,"column":8},"end":{"line":62,"column":15}},"18":{"start":{"line":64,"column":4},"end":{"line":77,"column":5}},"19":{"start":{"line":70,"column":8},"end":{"line":70,"column":14}},"20":{"start":{"line":76,"column":8},"end":{"line":76,"column":14}},"21":{"start":{"line":82,"column":4},"end":{"line":84,"column":9}},"22":{"start":{"line":83,"column":8},"end":{"line":83,"column":15}},"23":{"start":{"line":85,"column":4},"end":{"line":194,"column":5}},"24":{"start":{"line":91,"column":8},"end":{"line":99,"column":10}},"25":{"start":{"line":98,"column":12},"end":{"line":98,"column":35}},"26":{"start":{"line":102,"column":8},"end":{"line":104,"column":63}},"27":{"start":{"line":105,"column":8},"end":{"line":105,"column":14}},"28":{"start":{"line":112,"column":8},"end":{"line":121,"column":10},"skip":true},"29":{"start":{"line":119,"column":12},"end":{"line":119,"column":55},"skip":true},"30":{"start":{"line":120,"column":12},"end":{"line":120,"column":48},"skip":true},"31":{"start":{"line":123,"column":8},"end":{"line":136,"column":10},"skip":true},"32":{"start":{"line":130,"column":12},"end":{"line":130,"column":76},"skip":true},"33":{"start":{"line":131,"column":12},"end":{"line":131,"column":73},"skip":true},"34":{"start":{"line":132,"column":12},"end":{"line":132,"column":74},"skip":true},"35":{"start":{"line":133,"column":12},"end":{"line":133,"column":79},"skip":true},"36":{"start":{"line":134,"column":12},"end":{"line":134,"column":25},"skip":true},"37":{"start":{"line":135,"column":12},"end":{"line":135,"column":45},"skip":true},"38":{"start":{"line":138,"column":8},"end":{"line":145,"column":14},"skip":true},"39":{"start":{"line":143,"column":16},"end":{"line":143,"column":29},"skip":true},"40":{"start":{"line":144,"column":16},"end":{"line":144,"column":55},"skip":true},"41":{"start":{"line":147,"column":8},"end":{"line":156,"column":10},"skip":true},"42":{"start":{"line":154,"column":12},"end":{"line":154,"column":25},"skip":true},"43":{"start":{"line":155,"column":12},"end":{"line":155,"column":45},"skip":true},"44":{"start":{"line":158,"column":8},"end":{"line":167,"column":10},"skip":true},"45":{"start":{"line":165,"column":12},"end":{"line":165,"column":25},"skip":true},"46":{"start":{"line":166,"column":12},"end":{"line":166,"column":48},"skip":true},"47":{"start":{"line":169,"column":8},"end":{"line":178,"column":10},"skip":true},"48":{"start":{"line":176,"column":12},"end":{"line":176,"column":25},"skip":true},"49":{"start":{"line":177,"column":12},"end":{"line":177,"column":46},"skip":true},"50":{"start":{"line":180,"column":8},"end":{"line":189,"column":10},"skip":true},"51":{"start":{"line":187,"column":12},"end":{"line":187,"column":94},"skip":true},"52":{"start":{"line":188,"column":12},"end":{"line":188,"column":48},"skip":true},"53":{"start":{"line":192,"column":8},"end":{"line":192,"column":35},"skip":true},"54":{"start":{"line":193,"column":8},"end":{"line":193,"column":14},"skip":true}},"branchMap":{"1":{"line":25,"type":"binary-expr","locations":[{"start":{"line":25,"column":23},"end":{"line":25,"column":62}},{"start":{"line":26,"column":20},"end":{"line":26,"column":70}},{"start":{"line":27,"column":20},"end":{"line":27,"column":71}},{"start":{"line":28,"column":20},"end":{"line":28,"column":29}}]},"2":{"line":30,"type":"binary-expr","locations":[{"start":{"line":30,"column":23},"end":{"line":30,"column":37}},{"start":{"line":31,"column":20},"end":{"line":31,"column":61}},{"start":{"line":32,"column":20},"end":{"line":32,"column":70}},{"start":{"line":33,"column":20},"end":{"line":33,"column":26}}]},"3":{"line":37,"type":"cond-expr","locations":[{"start":{"line":38,"column":14},"end":{"line":38,"column":20}},{"start":{"line":39,"column":14},"end":{"line":39,"column":20}}]},"4":{"line":40,"type":"switch","locations":[{"start":{"line":42,"column":8},"end":{"line":47,"column":18}},{"start":{"line":49,"column":8},"end":{"line":52,"column":18}}]},"5":{"line":44,"type":"binary-expr","locations":[{"start":{"line":44,"column":16},"end":{"line":44,"column":44}},{"start":{"line":44,"column":48},"end":{"line":44,"column":66}}]},"6":{"line":50,"type":"binary-expr","locations":[{"start":{"line":50,"column":21},"end":{"line":50,"column":49}},{"start":{"line":50,"column":53},"end":{"line":50,"column":72}}]},"7":{"line":64,"type":"switch","locations":[{"start":{"line":69,"column":4},"end":{"line":70,"column":14}},{"start":{"line":75,"column":4},"end":{"line":76,"column":14}}]},"8":{"line":85,"type":"switch","locations":[{"start":{"line":90,"column":4},"end":{"line":105,"column":14}},{"start":{"line":111,"column":4},"end":{"line":193,"column":14},"skip":true}]},"9":{"line":91,"type":"binary-expr","locations":[{"start":{"line":91,"column":42},"end":{"line":91,"column":73}},{"start":{"line":91,"column":77},"end":{"line":99,"column":9}}]},"10":{"line":102,"type":"binary-expr","locations":[{"start":{"line":102,"column":18},"end":{"line":102,"column":32}},{"start":{"line":103,"column":12},"end":{"line":103,"column":53}},{"start":{"line":104,"column":12},"end":{"line":104,"column":61}}]},"11":{"line":112,"type":"binary-expr","locations":[{"start":{"line":112,"column":45},"end":{"line":112,"column":79},"skip":true},{"start":{"line":112,"column":83},"end":{"line":121,"column":9},"skip":true}]},"12":{"line":123,"type":"binary-expr","locations":[{"start":{"line":123,"column":42},"end":{"line":123,"column":73},"skip":true},{"start":{"line":123,"column":77},"end":{"line":136,"column":9},"skip":true}]},"13":{"line":138,"type":"binary-expr","locations":[{"start":{"line":138,"column":48},"end":{"line":138,"column":85},"skip":true},{"start":{"line":139,"column":12},"end":{"line":145,"column":13},"skip":true}]},"14":{"line":147,"type":"binary-expr","locations":[{"start":{"line":147,"column":42},"end":{"line":147,"column":73},"skip":true},{"start":{"line":147,"column":77},"end":{"line":156,"column":9},"skip":true}]},"15":{"line":158,"type":"binary-expr","locations":[{"start":{"line":158,"column":45},"end":{"line":158,"column":79},"skip":true},{"start":{"line":158,"column":83},"end":{"line":167,"column":9},"skip":true}]},"16":{"line":169,"type":"binary-expr","locations":[{"start":{"line":169,"column":43},"end":{"line":169,"column":75},"skip":true},{"start":{"line":169,"column":79},"end":{"line":178,"column":9},"skip":true}]},"17":{"line":180,"type":"binary-expr","locations":[{"start":{"line":180,"column":41},"end":{"line":180,"column":71},"skip":true},{"start":{"line":180,"column":75},"end":{"line":189,"column":9},"skip":true}]}},"code":["/* istanbul instrument in package npmtest_node_resemble_js */","/*jslint","    bitwise: true,","    browser: true,","    maxerr: 8,","    maxlen: 96,","    node: true,","    nomen: true,","    regexp: true,","    stupid: true","*/","(function () {","    'use strict';","    var local;","","","","    // run shared js-env code - init-before","    (function () {","        // init local","        local = {};","        // init modeJs","        local.modeJs = (function () {","            try {","                return typeof navigator.userAgent === 'string' &&","                    typeof document.querySelector('body') === 'object' &&","                    typeof XMLHttpRequest.prototype.open === 'function' &&","                    'browser';","            } catch (errorCaughtBrowser) {","                return module.exports &&","                    typeof process.versions.node === 'string' &&","                    typeof require('http').createServer === 'function' &&","                    'node';","            }","        }());","        // init global","        local.global = local.modeJs === 'browser'","            ? window","            : global;","        switch (local.modeJs) {","        // re-init local from window.local","        case 'browser':","            local = local.global.utility2.objectSetDefault(","                local.global.utility2_rollup || local.global.local,","                local.global.utility2","            );","            break;","        // re-init local from example.js","        case 'node':","            local = (local.global.utility2_rollup || require('utility2'))","                .requireReadme();","            break;","        }","        // export local","        local.global.local = local;","    }());","","","","    // run shared js-env code - function","    (function () {","        return;","    }());","    switch (local.modeJs) {","","","","    // run browser js-env code - function","    case 'browser':","        break;","","","","    // run node js-env code - function","    case 'node':","        break;","    }","","","","    // run shared js-env code - init-after","    (function () {","        return;","    }());","    switch (local.modeJs) {","","","","    // run browser js-env code - init-after","    case 'browser':","        local.testCase_browser_nullCase = local.testCase_browser_nullCase || function (","            options,","            onError","        ) {","        /*","         * this function will test browsers's null-case handling-behavior-behavior","         */","            onError(null, options);","        };","","        // run tests","        local.nop(local.modeTest &&","            document.querySelector('#testRunButton1') &&","            document.querySelector('#testRunButton1').click());","        break;","","","","    // run node js-env code - init-after","    /* istanbul ignore next */","    case 'node':","        local.testCase_buildApidoc_default = local.testCase_buildApidoc_default || function (","            options,","            onError","        ) {","        /*","         * this function will test buildApidoc's default handling-behavior-behavior","         */","            options = { modulePathList: module.paths };","            local.buildApidoc(options, onError);","        };","","        local.testCase_buildApp_default = local.testCase_buildApp_default || function (","            options,","            onError","        ) {","        /*","         * this function will test buildApp's default handling-behavior-behavior","         */","            local.testCase_buildReadme_default(options, local.onErrorThrow);","            local.testCase_buildLib_default(options, local.onErrorThrow);","            local.testCase_buildTest_default(options, local.onErrorThrow);","            local.testCase_buildCustomOrg_default(options, local.onErrorThrow);","            options = [];","            local.buildApp(options, onError);","        };","","        local.testCase_buildCustomOrg_default = local.testCase_buildCustomOrg_default ||","            function (options, onError) {","            /*","             * this function will test buildCustomOrg's default handling-behavior","             */","                options = {};","                local.buildCustomOrg(options, onError);","            };","","        local.testCase_buildLib_default = local.testCase_buildLib_default || function (","            options,","            onError","        ) {","        /*","         * this function will test buildLib's default handling-behavior","         */","            options = {};","            local.buildLib(options, onError);","        };","","        local.testCase_buildReadme_default = local.testCase_buildReadme_default || function (","            options,","            onError","        ) {","        /*","         * this function will test buildReadme's default handling-behavior-behavior","         */","            options = {};","            local.buildReadme(options, onError);","        };","","        local.testCase_buildTest_default = local.testCase_buildTest_default || function (","            options,","            onError","        ) {","        /*","         * this function will test buildTest's default handling-behavior","         */","            options = {};","            local.buildTest(options, onError);","        };","","        local.testCase_webpage_default = local.testCase_webpage_default || function (","            options,","            onError","        ) {","        /*","         * this function will test webpage's default handling-behavior","         */","            options = { modeCoverageMerge: true, url: local.serverLocalHost + '?modeTest=1' };","            local.browserTest(options, onError);","        };","","        // run test-server","        local.testRunServer(local);","        break;","    }","}());",""],"l":{"12":2,"14":2,"19":2,"21":2,"23":2,"24":2,"25":2,"30":1,"37":2,"40":2,"43":1,"47":1,"50":1,"52":1,"55":2,"61":2,"62":2,"64":2,"70":1,"76":1,"82":2,"83":2,"85":2,"91":1,"98":1,"102":1,"105":1,"112":1,"119":1,"120":1,"123":1,"130":1,"131":1,"132":1,"133":1,"134":1,"135":1,"138":1,"143":2,"144":2,"147":1,"154":2,"155":2,"158":1,"165":2,"166":2,"169":1,"176":2,"177":2,"180":1,"187":1,"188":1,"192":1,"193":1}},"/home/travis/build/npmtest/node-npmtest-node-resemble-js/lib.npmtest_node_resemble_js.js":{"path":"/home/travis/build/npmtest/node-npmtest-node-resemble-js/lib.npmtest_node_resemble_js.js","s":{"1":2,"2":2,"3":2,"4":2,"5":2,"6":2,"7":2,"8":1,"9":2,"10":2,"11":2,"12":2,"13":1,"14":1,"15":1,"16":1},"b":{"1":[2,1,1,1],"2":[1,1,1,1],"3":[1,1],"4":[2,2],"5":[1,1]},"f":{"1":2,"2":2,"3":2},"fnMap":{"1":{"name":"(anonymous_1)","line":12,"loc":{"start":{"line":12,"column":1},"end":{"line":12,"column":13}}},"2":{"name":"(anonymous_2)","line":19,"loc":{"start":{"line":19,"column":5},"end":{"line":19,"column":17}}},"3":{"name":"(anonymous_3)","line":23,"loc":{"start":{"line":23,"column":24},"end":{"line":23,"column":36}}}},"statementMap":{"1":{"start":{"line":12,"column":0},"end":{"line":53,"column":5}},"2":{"start":{"line":14,"column":4},"end":{"line":14,"column":14}},"3":{"start":{"line":19,"column":4},"end":{"line":52,"column":9}},"4":{"start":{"line":21,"column":8},"end":{"line":21,"column":19}},"5":{"start":{"line":23,"column":8},"end":{"line":35,"column":13}},"6":{"start":{"line":24,"column":12},"end":{"line":34,"column":13}},"7":{"start":{"line":25,"column":16},"end":{"line":28,"column":30}},"8":{"start":{"line":30,"column":16},"end":{"line":33,"column":27}},"9":{"start":{"line":37,"column":8},"end":{"line":39,"column":21}},"10":{"start":{"line":41,"column":8},"end":{"line":41,"column":54}},"11":{"start":{"line":43,"column":8},"end":{"line":43,"column":61}},"12":{"start":{"line":45,"column":8},"end":{"line":51,"column":9}},"13":{"start":{"line":46,"column":12},"end":{"line":46,"column":67}},"14":{"start":{"line":48,"column":12},"end":{"line":48,"column":35}},"15":{"start":{"line":49,"column":12},"end":{"line":49,"column":49}},"16":{"start":{"line":50,"column":12},"end":{"line":50,"column":43}}},"branchMap":{"1":{"line":25,"type":"binary-expr","locations":[{"start":{"line":25,"column":23},"end":{"line":25,"column":62}},{"start":{"line":26,"column":20},"end":{"line":26,"column":70}},{"start":{"line":27,"column":20},"end":{"line":27,"column":71}},{"start":{"line":28,"column":20},"end":{"line":28,"column":29}}]},"2":{"line":30,"type":"binary-expr","locations":[{"start":{"line":30,"column":23},"end":{"line":30,"column":37}},{"start":{"line":31,"column":20},"end":{"line":31,"column":61}},{"start":{"line":32,"column":20},"end":{"line":32,"column":70}},{"start":{"line":33,"column":20},"end":{"line":33,"column":26}}]},"3":{"line":37,"type":"cond-expr","locations":[{"start":{"line":38,"column":14},"end":{"line":38,"column":20}},{"start":{"line":39,"column":14},"end":{"line":39,"column":20}}]},"4":{"line":41,"type":"binary-expr","locations":[{"start":{"line":41,"column":16},"end":{"line":41,"column":44}},{"start":{"line":41,"column":48},"end":{"line":41,"column":53}}]},"5":{"line":45,"type":"if","locations":[{"start":{"line":45,"column":8},"end":{"line":45,"column":8}},{"start":{"line":45,"column":8},"end":{"line":45,"column":8}}]}},"code":["/* istanbul instrument in package npmtest_node_resemble_js */","/*jslint","    bitwise: true,","    browser: true,","    maxerr: 8,","    maxlen: 96,","    node: true,","    nomen: true,","    regexp: true,","    stupid: true","*/","(function () {","    'use strict';","    var local;","","","","    // run shared js-env code - init-before","    (function () {","        // init local","        local = {};","        // init modeJs","        local.modeJs = (function () {","            try {","                return typeof navigator.userAgent === 'string' &&","                    typeof document.querySelector('body') === 'object' &&","                    typeof XMLHttpRequest.prototype.open === 'function' &&","                    'browser';","            } catch (errorCaughtBrowser) {","                return module.exports &&","                    typeof process.versions.node === 'string' &&","                    typeof require('http').createServer === 'function' &&","                    'node';","            }","        }());","        // init global","        local.global = local.modeJs === 'browser'","            ? window","            : global;","        // init utility2_rollup","        local = local.global.utility2_rollup || local;","        // init lib","        local.local = local.npmtest_node_resemble_js = local;","        // init exports","        if (local.modeJs === 'browser') {","            local.global.utility2_npmtest_node_resemble_js = local;","        } else {","            module.exports = local;","            module.exports.__dirname = __dirname;","            module.exports.module = module;","        }","    }());","}());",""],"l":{"12":2,"14":2,"19":2,"21":2,"23":2,"24":2,"25":2,"30":1,"37":2,"41":2,"43":2,"45":2,"46":1,"48":1,"49":1,"50":1}},"/home/travis/build/npmtest/node-npmtest-node-resemble-js/example.js":{"path":"/home/travis/build/npmtest/node-npmtest-node-resemble-js/example.js","s":{"1":2,"2":2,"3":2,"4":2,"5":2,"6":2,"7":2,"8":1,"9":2,"10":2,"11":2,"12":2,"13":1,"14":2,"15":2,"16":2,"17":2,"18":2,"19":0,"20":2,"21":1,"22":1,"23":1,"24":1,"25":1,"26":0,"27":0,"28":1,"29":1,"30":2,"31":0,"32":0,"33":0,"34":1,"35":2,"36":2,"37":3,"38":3,"39":3,"40":3,"41":0,"42":3,"43":3,"44":3,"45":1,"46":3,"47":1,"48":1,"49":1,"50":1,"51":1,"52":1,"53":1,"54":1,"55":1,"56":1,"57":0,"58":1,"59":6,"60":6,"61":1,"62":2,"63":0,"64":2,"65":1,"66":1,"67":0,"68":0,"69":0,"70":0,"71":0,"72":0,"73":0,"74":0,"75":0,"76":0,"77":0,"78":0,"79":0,"80":0,"81":0,"82":0,"83":0},"b":{"1":[2,1,1,1],"2":[1,1,1,1],"3":[1,1],"4":[2,2],"5":[1,1],"6":[1,1],"7":[2,0],"8":[2,1,1,1,1,1],"9":[0,2,0],"10":[1,1],"11":[2,1,1],"12":[1,0],"13":[0,2],"14":[2,0,0,0,0,0,0],"15":[0,3],"16":[3,0],"17":[1,1],"18":[0,1],"19":[1,2,0,2],"20":[1,0],"21":[1,1],"22":[0,0],"23":[0,0],"24":[0,0],"25":[0,0],"26":[0,0],"27":[0,0],"28":[0,0]},"f":{"1":2,"2":2,"3":2,"4":2,"5":2,"6":2,"7":3,"8":3,"9":3,"10":1,"11":6,"12":0},"fnMap":{"1":{"name":"(anonymous_1)","line":26,"loc":{"start":{"line":26,"column":1},"end":{"line":26,"column":13}}},"2":{"name":"(anonymous_2)","line":33,"loc":{"start":{"line":33,"column":5},"end":{"line":33,"column":17}}},"3":{"name":"(anonymous_3)","line":37,"loc":{"start":{"line":37,"column":24},"end":{"line":37,"column":36}}},"4":{"name":"(anonymous_4)","line":69,"loc":{"start":{"line":69,"column":31},"end":{"line":69,"column":48}},"skip":true},"5":{"name":"(anonymous_5)","line":78,"loc":{"start":{"line":78,"column":26},"end":{"line":78,"column":45}},"skip":true},"6":{"name":"(anonymous_6)","line":123,"loc":{"start":{"line":123,"column":33},"end":{"line":123,"column":48}},"skip":true},"7":{"name":"(anonymous_7)","line":125,"loc":{"start":{"line":125,"column":27},"end":{"line":125,"column":39}},"skip":true},"8":{"name":"(anonymous_8)","line":133,"loc":{"start":{"line":133,"column":59},"end":{"line":133,"column":74}},"skip":true},"9":{"name":"(anonymous_9)","line":143,"loc":{"start":{"line":143,"column":45},"end":{"line":143,"column":62}},"skip":true},"10":{"name":"(anonymous_10)","line":144,"loc":{"start":{"line":144,"column":73},"end":{"line":144,"column":92}},"skip":true},"11":{"name":"(anonymous_11)","line":272,"loc":{"start":{"line":272,"column":51},"end":{"line":272,"column":77}},"skip":true},"12":{"name":"(anonymous_12)","line":315,"loc":{"start":{"line":315,"column":32},"end":{"line":315,"column":61}},"skip":true}},"statementMap":{"1":{"start":{"line":26,"column":0},"end":{"line":326,"column":5}},"2":{"start":{"line":28,"column":4},"end":{"line":28,"column":14}},"3":{"start":{"line":33,"column":4},"end":{"line":60,"column":9}},"4":{"start":{"line":35,"column":8},"end":{"line":35,"column":19}},"5":{"start":{"line":37,"column":8},"end":{"line":49,"column":13}},"6":{"start":{"line":38,"column":12},"end":{"line":48,"column":13}},"7":{"start":{"line":39,"column":16},"end":{"line":42,"column":30}},"8":{"start":{"line":44,"column":16},"end":{"line":47,"column":27}},"9":{"start":{"line":51,"column":8},"end":{"line":53,"column":21}},"10":{"start":{"line":55,"column":8},"end":{"line":57,"column":45}},"11":{"start":{"line":59,"column":8},"end":{"line":59,"column":35}},"12":{"start":{"line":61,"column":4},"end":{"line":325,"column":5}},"13":{"start":{"line":69,"column":8},"end":{"line":121,"column":10},"skip":true},"14":{"start":{"line":70,"column":12},"end":{"line":88,"column":13},"skip":true},"15":{"start":{"line":76,"column":16},"end":{"line":87,"column":19},"skip":true},"16":{"start":{"line":79,"column":20},"end":{"line":86,"column":21},"skip":true},"17":{"start":{"line":82,"column":24},"end":{"line":82,"column":43},"skip":true},"18":{"start":{"line":83,"column":24},"end":{"line":83,"column":30},"skip":true},"19":{"start":{"line":85,"column":24},"end":{"line":85,"column":49},"skip":true},"20":{"start":{"line":89,"column":12},"end":{"line":107,"column":13},"skip":true},"21":{"start":{"line":92,"column":16},"end":{"line":102,"column":17},"skip":true},"22":{"start":{"line":93,"column":20},"end":{"line":93,"column":86},"skip":true},"23":{"start":{"line":94,"column":20},"end":{"line":95,"column":45},"skip":true},"24":{"start":{"line":96,"column":20},"end":{"line":96,"column":42},"skip":true},"25":{"start":{"line":97,"column":20},"end":{"line":97,"column":48},"skip":true},"26":{"start":{"line":100,"column":20},"end":{"line":100,"column":85},"skip":true},"27":{"start":{"line":101,"column":20},"end":{"line":101,"column":96},"skip":true},"28":{"start":{"line":103,"column":16},"end":{"line":103,"column":22},"skip":true},"29":{"start":{"line":106,"column":16},"end":{"line":106,"column":22},"skip":true},"30":{"start":{"line":108,"column":12},"end":{"line":120,"column":13},"skip":true},"31":{"start":{"line":114,"column":16},"end":{"line":119,"column":17},"skip":true},"32":{"start":{"line":116,"column":20},"end":{"line":116,"column":78},"skip":true},"33":{"start":{"line":118,"column":20},"end":{"line":118,"column":47},"skip":true},"34":{"start":{"line":123,"column":8},"end":{"line":141,"column":11},"skip":true},"35":{"start":{"line":124,"column":12},"end":{"line":124,"column":54},"skip":true},"36":{"start":{"line":125,"column":12},"end":{"line":140,"column":14},"skip":true},"37":{"start":{"line":126,"column":16},"end":{"line":126,"column":28},"skip":true},"38":{"start":{"line":127,"column":16},"end":{"line":127,"column":69},"skip":true},"39":{"start":{"line":128,"column":16},"end":{"line":128,"column":75},"skip":true},"40":{"start":{"line":129,"column":16},"end":{"line":131,"column":17},"skip":true},"41":{"start":{"line":130,"column":20},"end":{"line":130,"column":27},"skip":true},"42":{"start":{"line":133,"column":16},"end":{"line":137,"column":36},"skip":true},"43":{"start":{"line":134,"column":20},"end":{"line":136,"column":55},"skip":true},"44":{"start":{"line":139,"column":16},"end":{"line":139,"column":57},"skip":true},"45":{"start":{"line":143,"column":8},"end":{"line":147,"column":11},"skip":true},"46":{"start":{"line":144,"column":12},"end":{"line":146,"column":15},"skip":true},"47":{"start":{"line":145,"column":16},"end":{"line":145,"column":70},"skip":true},"48":{"start":{"line":149,"column":8},"end":{"line":149,"column":31},"skip":true},"49":{"start":{"line":150,"column":8},"end":{"line":150,"column":14},"skip":true},"50":{"start":{"line":158,"column":8},"end":{"line":158,"column":31},"skip":true},"51":{"start":{"line":160,"column":8},"end":{"line":160,"column":33},"skip":true},"52":{"start":{"line":161,"column":8},"end":{"line":161,"column":37},"skip":true},"53":{"start":{"line":162,"column":8},"end":{"line":162,"column":35},"skip":true},"54":{"start":{"line":164,"column":8},"end":{"line":164,"column":50},"skip":true},"55":{"start":{"line":166,"column":8},"end":{"line":256,"column":2},"skip":true},"56":{"start":{"line":258,"column":8},"end":{"line":286,"column":9},"skip":true},"57":{"start":{"line":259,"column":12},"end":{"line":269,"column":14},"skip":true},"58":{"start":{"line":271,"column":12},"end":{"line":285,"column":19},"skip":true},"59":{"start":{"line":274,"column":20},"end":{"line":274,"column":35},"skip":true},"60":{"start":{"line":275,"column":20},"end":{"line":284,"column":21},"skip":true},"61":{"start":{"line":277,"column":24},"end":{"line":277,"column":64},"skip":true},"62":{"start":{"line":279,"column":24},"end":{"line":279,"column":40},"skip":true},"63":{"start":{"line":281,"column":24},"end":{"line":281,"column":40},"skip":true},"64":{"start":{"line":283,"column":24},"end":{"line":283,"column":39},"skip":true},"65":{"start":{"line":288,"column":8},"end":{"line":290,"column":9},"skip":true},"66":{"start":{"line":289,"column":12},"end":{"line":289,"column":18},"skip":true},"67":{"start":{"line":291,"column":8},"end":{"line":293,"column":54},"skip":true},"68":{"start":{"line":296,"column":8},"end":{"line":301,"column":37},"skip":true},"69":{"start":{"line":303,"column":8},"end":{"line":303,"column":82},"skip":true},"70":{"start":{"line":306,"column":8},"end":{"line":308,"column":9},"skip":true},"71":{"start":{"line":307,"column":12},"end":{"line":307,"column":82},"skip":true},"72":{"start":{"line":310,"column":8},"end":{"line":312,"column":9},"skip":true},"73":{"start":{"line":311,"column":12},"end":{"line":311,"column":18},"skip":true},"74":{"start":{"line":313,"column":8},"end":{"line":313,"column":54},"skip":true},"75":{"start":{"line":314,"column":8},"end":{"line":314,"column":69},"skip":true},"76":{"start":{"line":315,"column":8},"end":{"line":323,"column":36},"skip":true},"77":{"start":{"line":316,"column":12},"end":{"line":316,"column":61},"skip":true},"78":{"start":{"line":317,"column":12},"end":{"line":320,"column":13},"skip":true},"79":{"start":{"line":318,"column":16},"end":{"line":318,"column":75},"skip":true},"80":{"start":{"line":319,"column":16},"end":{"line":319,"column":23},"skip":true},"81":{"start":{"line":321,"column":12},"end":{"line":321,"column":38},"skip":true},"82":{"start":{"line":322,"column":12},"end":{"line":322,"column":27},"skip":true},"83":{"start":{"line":324,"column":8},"end":{"line":324,"column":14},"skip":true}},"branchMap":{"1":{"line":39,"type":"binary-expr","locations":[{"start":{"line":39,"column":23},"end":{"line":39,"column":62}},{"start":{"line":40,"column":20},"end":{"line":40,"column":70}},{"start":{"line":41,"column":20},"end":{"line":41,"column":71}},{"start":{"line":42,"column":20},"end":{"line":42,"column":29}}]},"2":{"line":44,"type":"binary-expr","locations":[{"start":{"line":44,"column":23},"end":{"line":44,"column":37}},{"start":{"line":45,"column":20},"end":{"line":45,"column":61}},{"start":{"line":46,"column":20},"end":{"line":46,"column":70}},{"start":{"line":47,"column":20},"end":{"line":47,"column":26}}]},"3":{"line":51,"type":"cond-expr","locations":[{"start":{"line":52,"column":14},"end":{"line":52,"column":20}},{"start":{"line":53,"column":14},"end":{"line":53,"column":20}}]},"4":{"line":55,"type":"binary-expr","locations":[{"start":{"line":55,"column":16},"end":{"line":55,"column":44}},{"start":{"line":55,"column":49},"end":{"line":57,"column":43}}]},"5":{"line":55,"type":"cond-expr","locations":[{"start":{"line":56,"column":14},"end":{"line":56,"column":60}},{"start":{"line":57,"column":14},"end":{"line":57,"column":43}}]},"6":{"line":61,"type":"switch","locations":[{"start":{"line":68,"column":4},"end":{"line":150,"column":14},"skip":true},{"start":{"line":156,"column":4},"end":{"line":324,"column":14},"skip":true}]},"7":{"line":70,"type":"if","locations":[{"start":{"line":70,"column":12},"end":{"line":70,"column":12},"skip":true},{"start":{"line":70,"column":12},"end":{"line":70,"column":12},"skip":true}]},"8":{"line":70,"type":"binary-expr","locations":[{"start":{"line":70,"column":16},"end":{"line":70,"column":22},"skip":true},{"start":{"line":70,"column":27},"end":{"line":70,"column":32},"skip":true},{"start":{"line":71,"column":20},"end":{"line":71,"column":39},"skip":true},{"start":{"line":72,"column":20},"end":{"line":72,"column":49},"skip":true},{"start":{"line":73,"column":20},"end":{"line":73,"column":58},"skip":true},{"start":{"line":74,"column":20},"end":{"line":74,"column":69},"skip":true}]},"9":{"line":79,"type":"switch","locations":[{"start":{"line":80,"column":20},"end":{"line":80,"column":33},"skip":true},{"start":{"line":81,"column":20},"end":{"line":83,"column":30},"skip":true},{"start":{"line":84,"column":20},"end":{"line":85,"column":49},"skip":true}]},"10":{"line":89,"type":"switch","locations":[{"start":{"line":90,"column":12},"end":{"line":103,"column":22},"skip":true},{"start":{"line":105,"column":12},"end":{"line":106,"column":22},"skip":true}]},"11":{"line":89,"type":"binary-expr","locations":[{"start":{"line":89,"column":20},"end":{"line":89,"column":25},"skip":true},{"start":{"line":89,"column":29},"end":{"line":89,"column":48},"skip":true},{"start":{"line":89,"column":52},"end":{"line":89,"column":74},"skip":true}]},"12":{"line":92,"type":"if","locations":[{"start":{"line":92,"column":16},"end":{"line":92,"column":16},"skip":true},{"start":{"line":92,"column":16},"end":{"line":92,"column":16},"skip":true}]},"13":{"line":108,"type":"if","locations":[{"start":{"line":108,"column":12},"end":{"line":108,"column":12},"skip":true},{"start":{"line":108,"column":12},"end":{"line":108,"column":12},"skip":true}]},"14":{"line":108,"type":"binary-expr","locations":[{"start":{"line":108,"column":16},"end":{"line":108,"column":61},"skip":true},{"start":{"line":108,"column":66},"end":{"line":108,"column":72},"skip":true},{"start":{"line":108,"column":77},"end":{"line":108,"column":82},"skip":true},{"start":{"line":109,"column":20},"end":{"line":109,"column":39},"skip":true},{"start":{"line":110,"column":20},"end":{"line":110,"column":49},"skip":true},{"start":{"line":111,"column":20},"end":{"line":111,"column":58},"skip":true},{"start":{"line":112,"column":20},"end":{"line":112,"column":68},"skip":true}]},"15":{"line":129,"type":"if","locations":[{"start":{"line":129,"column":16},"end":{"line":129,"column":16},"skip":true},{"start":{"line":129,"column":16},"end":{"line":129,"column":16},"skip":true}]},"16":{"line":134,"type":"cond-expr","locations":[{"start":{"line":135,"column":26},"end":{"line":135,"column":29},"skip":true},{"start":{"line":136,"column":26},"end":{"line":136,"column":54},"skip":true}]},"17":{"line":164,"type":"binary-expr","locations":[{"start":{"line":164,"column":27},"end":{"line":164,"column":43},"skip":true},{"start":{"line":164,"column":47},"end":{"line":164,"column":49},"skip":true}]},"18":{"line":258,"type":"if","locations":[{"start":{"line":258,"column":8},"end":{"line":258,"column":8},"skip":true},{"start":{"line":258,"column":8},"end":{"line":258,"column":8},"skip":true}]},"19":{"line":275,"type":"switch","locations":[{"start":{"line":276,"column":20},"end":{"line":277,"column":64},"skip":true},{"start":{"line":278,"column":20},"end":{"line":279,"column":40},"skip":true},{"start":{"line":280,"column":20},"end":{"line":281,"column":40},"skip":true},{"start":{"line":282,"column":20},"end":{"line":283,"column":39},"skip":true}]},"20":{"line":288,"type":"if","locations":[{"start":{"line":288,"column":8},"end":{"line":288,"column":8},"skip":true},{"start":{"line":288,"column":8},"end":{"line":288,"column":8},"skip":true}]},"21":{"line":288,"type":"binary-expr","locations":[{"start":{"line":288,"column":12},"end":{"line":288,"column":40},"skip":true},{"start":{"line":288,"column":44},"end":{"line":288,"column":67},"skip":true}]},"22":{"line":292,"type":"binary-expr","locations":[{"start":{"line":292,"column":12},"end":{"line":292,"column":50},"skip":true},{"start":{"line":293,"column":12},"end":{"line":293,"column":53},"skip":true}]},"23":{"line":297,"type":"binary-expr","locations":[{"start":{"line":297,"column":12},"end":{"line":297,"column":74},"skip":true},{"start":{"line":298,"column":12},"end":{"line":301,"column":36},"skip":true}]},"24":{"line":303,"type":"binary-expr","locations":[{"start":{"line":303,"column":43},"end":{"line":303,"column":75},"skip":true},{"start":{"line":303,"column":79},"end":{"line":303,"column":81},"skip":true}]},"25":{"line":306,"type":"if","locations":[{"start":{"line":306,"column":8},"end":{"line":306,"column":8},"skip":true},{"start":{"line":306,"column":8},"end":{"line":306,"column":8},"skip":true}]},"26":{"line":310,"type":"if","locations":[{"start":{"line":310,"column":8},"end":{"line":310,"column":8},"skip":true},{"start":{"line":310,"column":8},"end":{"line":310,"column":8},"skip":true}]},"27":{"line":313,"type":"binary-expr","locations":[{"start":{"line":313,"column":27},"end":{"line":313,"column":43},"skip":true},{"start":{"line":313,"column":47},"end":{"line":313,"column":53},"skip":true}]},"28":{"line":317,"type":"if","locations":[{"start":{"line":317,"column":12},"end":{"line":317,"column":12},"skip":true},{"start":{"line":317,"column":12},"end":{"line":317,"column":12},"skip":true}]}},"code":["/*","example.js","","quickstart example","","instruction","    1. save this script as example.js","    2. run the shell command:","        $ npm install npmtest-node-resemble-js && PORT=8081 node example.js","    3. play with the browser-demo on http://127.0.0.1:8081","*/","","","","/* istanbul instrument in package npmtest_node_resemble_js */","/*jslint","    bitwise: true,","    browser: true,","    maxerr: 8,","    maxlen: 96,","    node: true,","    nomen: true,","    regexp: true,","    stupid: true","*/","(function () {","    'use strict';","    var local;","","","","    // run shared js-env code - init-before","    (function () {","        // init local","        local = {};","        // init modeJs","        local.modeJs = (function () {","            try {","                return typeof navigator.userAgent === 'string' &&","                    typeof document.querySelector('body') === 'object' &&","                    typeof XMLHttpRequest.prototype.open === 'function' &&","                    'browser';","            } catch (errorCaughtBrowser) {","                return module.exports &&","                    typeof process.versions.node === 'string' &&","                    typeof require('http').createServer === 'function' &&","                    'node';","            }","        }());","        // init global","        local.global = local.modeJs === 'browser'","            ? window","            : global;","        // init utility2_rollup","        local = local.global.utility2_rollup || (local.modeJs === 'browser'","            ? local.global.utility2_npmtest_node_resemble_js","            : global.utility2_moduleExports);","        // export local","        local.global.local = local;","    }());","    switch (local.modeJs) {","","","","    // init-after","    // run browser js-env code - init-after","    /* istanbul ignore next */","    case 'browser':","        local.testRunBrowser = function (event) {","            if (!event || (event &&","                    event.currentTarget &&","                    event.currentTarget.className &&","                    event.currentTarget.className.includes &&","                    event.currentTarget.className.includes('onreset'))) {","                // reset output","                Array.from(","                    document.querySelectorAll('body > .resettable')","                ).forEach(function (element) {","                    switch (element.tagName) {","                    case 'INPUT':","                    case 'TEXTAREA':","                        element.value = '';","                        break;","                    default:","                        element.textContent = '';","                    }","                });","            }","            switch (event && event.currentTarget && event.currentTarget.id) {","            case 'testRunButton1':","                // show tests","                if (document.querySelector('#testReportDiv1').style.display === 'none') {","                    document.querySelector('#testReportDiv1').style.display = 'block';","                    document.querySelector('#testRunButton1').textContent =","                        'hide internal test';","                    local.modeTest = true;","                    local.testRunDefault(local);","                // hide tests","                } else {","                    document.querySelector('#testReportDiv1').style.display = 'none';","                    document.querySelector('#testRunButton1').textContent = 'run internal test';","                }","                break;","            // custom-case","            default:","                break;","            }","            if (document.querySelector('#inputTextareaEval1') && (!event || (event &&","                    event.currentTarget &&","                    event.currentTarget.className &&","                    event.currentTarget.className.includes &&","                    event.currentTarget.className.includes('oneval')))) {","                // try to eval input-code","                try {","                    /*jslint evil: true*/","                    eval(document.querySelector('#inputTextareaEval1').value);","                } catch (errorCaught) {","                    console.error(errorCaught);","                }","            }","        };","        // log stderr and stdout to #outputTextareaStdout1","        ['error', 'log'].forEach(function (key) {","            console[key + '_original'] = console[key];","            console[key] = function () {","                var element;","                console[key + '_original'].apply(console, arguments);","                element = document.querySelector('#outputTextareaStdout1');","                if (!element) {","                    return;","                }","                // append text to #outputTextareaStdout1","                element.value += Array.from(arguments).map(function (arg) {","                    return typeof arg === 'string'","                        ? arg","                        : JSON.stringify(arg, null, 4);","                }).join(' ') + '\\n';","                // scroll textarea to bottom","                element.scrollTop = element.scrollHeight;","            };","        });","        // init event-handling","        ['change', 'click', 'keyup'].forEach(function (event) {","            Array.from(document.querySelectorAll('.on' + event)).forEach(function (element) {","                element.addEventListener(event, local.testRunBrowser);","            });","        });","        // run tests","        local.testRunBrowser();","        break;","","","","    // run node js-env code - init-after","    /* istanbul ignore next */","    case 'node':","        // export local","        module.exports = local;","        // require modules","        local.fs = require('fs');","        local.http = require('http');","        local.url = require('url');","        // init assets","        local.assetsDict = local.assetsDict || {};","        /* jslint-ignore-begin */","        local.assetsDict['/assets.index.template.html'] = '\\","<!doctype html>\\n\\","<html lang=\"en\">\\n\\","<head>\\n\\","<meta charset=\"UTF-8\">\\n\\","<meta name=\"viewport\" content=\"width=device-width, initial-scale=1\">\\n\\","<title>{{env.npm_package_name}} (v{{env.npm_package_version}})</title>\\n\\","<style>\\n\\","/*csslint\\n\\","    box-sizing: false,\\n\\","    universal-selector: false\\n\\","*/\\n\\","* {\\n\\","    box-sizing: border-box;\\n\\","}\\n\\","body {\\n\\","    background: #dde;\\n\\","    font-family: Arial, Helvetica, sans-serif;\\n\\","    margin: 2rem;\\n\\","}\\n\\","body > * {\\n\\","    margin-bottom: 1rem;\\n\\","}\\n\\",".utility2FooterDiv {\\n\\","    margin-top: 20px;\\n\\","    text-align: center;\\n\\","}\\n\\","</style>\\n\\","<style>\\n\\","/*csslint\\n\\","*/\\n\\","textarea {\\n\\","    font-family: monospace;\\n\\","    height: 10rem;\\n\\","    width: 100%;\\n\\","}\\n\\","textarea[readonly] {\\n\\","    background: #ddd;\\n\\","}\\n\\","</style>\\n\\","</head>\\n\\","<body>\\n\\","<!-- utility2-comment\\n\\","<div id=\"ajaxProgressDiv1\" style=\"background: #d00; height: 2px; left: 0; margin: 0; padding: 0; position: fixed; top: 0; transition: background 0.5s, width 1.5s; width: 25%;\"></div>\\n\\","utility2-comment -->\\n\\","<h1>\\n\\","<!-- utility2-comment\\n\\","    <a\\n\\","        {{#if env.npm_package_homepage}}\\n\\","        href=\"{{env.npm_package_homepage}}\"\\n\\","        {{/if env.npm_package_homepage}}\\n\\","        target=\"_blank\"\\n\\","    >\\n\\","utility2-comment -->\\n\\","        {{env.npm_package_name}} (v{{env.npm_package_version}})\\n\\","<!-- utility2-comment\\n\\","    </a>\\n\\","utility2-comment -->\\n\\","</h1>\\n\\","<h3>{{env.npm_package_description}}</h3>\\n\\","<!-- utility2-comment\\n\\","<h4><a download href=\"assets.app.js\">download standalone app</a></h4>\\n\\","<button class=\"onclick onreset\" id=\"testRunButton1\">run internal test</button><br>\\n\\","<div id=\"testReportDiv1\" style=\"display: none;\"></div>\\n\\","utility2-comment -->\\n\\","\\n\\","\\n\\","\\n\\","<label>stderr and stdout</label>\\n\\","<textarea class=\"resettable\" id=\"outputTextareaStdout1\" readonly></textarea>\\n\\","<!-- utility2-comment\\n\\","{{#if isRollup}}\\n\\","<script src=\"assets.app.js\"></script>\\n\\","{{#unless isRollup}}\\n\\","utility2-comment -->\\n\\","<script src=\"assets.utility2.rollup.js\"></script>\\n\\","<script src=\"jsonp.utility2._stateInit?callback=window.utility2._stateInit\"></script>\\n\\","<script src=\"assets.npmtest_node_resemble_js.rollup.js\"></script>\\n\\","<script src=\"assets.example.js\"></script>\\n\\","<script src=\"assets.test.js\"></script>\\n\\","<!-- utility2-comment\\n\\","{{/if isRollup}}\\n\\","utility2-comment -->\\n\\","<div class=\"utility2FooterDiv\">\\n\\","    [ this app was created with\\n\\","    <a href=\"https://github.com/kaizhu256/node-utility2\" target=\"_blank\">utility2</a>\\n\\","    ]\\n\\","</div>\\n\\","</body>\\n\\","</html>\\n\\","';","        /* jslint-ignore-end */","        if (local.templateRender) {","            local.assetsDict['/'] = local.templateRender(","                local.assetsDict['/assets.index.template.html'],","                {","                    env: local.objectSetDefault(local.env, {","                        npm_package_description: 'the greatest app in the world!',","                        npm_package_name: 'my-app',","                        npm_package_nameAlias: 'my_app',","                        npm_package_version: '0.0.1'","                    })","                }","            );","        } else {","            local.assetsDict['/'] = local.assetsDict['/assets.index.template.html']","                .replace((/\\{\\{env\\.(\\w+?)\\}\\}/g), function (match0, match1) {","                    // jslint-hack","                    String(match0);","                    switch (match1) {","                    case 'npm_package_description':","                        return 'the greatest app in the world!';","                    case 'npm_package_name':","                        return 'my-app';","                    case 'npm_package_nameAlias':","                        return 'my_app';","                    case 'npm_package_version':","                        return '0.0.1';","                    }","                });","        }","        // run the cli","        if (local.global.utility2_rollup || module !== require.main) {","            break;","        }","        local.assetsDict['/assets.example.js'] =","            local.assetsDict['/assets.example.js'] ||","            local.fs.readFileSync(__filename, 'utf8');","        // bug-workaround - long $npm_package_buildCustomOrg","        /* jslint-ignore-begin */","        local.assetsDict['/assets.npmtest_node_resemble_js.rollup.js'] =","            local.assetsDict['/assets.npmtest_node_resemble_js.rollup.js'] ||","            local.fs.readFileSync(","                local.npmtest_node_resemble_js.__dirname + '/lib.npmtest_node_resemble_js.js',","                'utf8'","            ).replace((/^#!/), '//');","        /* jslint-ignore-end */","        local.assetsDict['/favicon.ico'] = local.assetsDict['/favicon.ico'] || '';","        // if $npm_config_timeout_exit exists,","        // then exit this process after $npm_config_timeout_exit ms","        if (Number(process.env.npm_config_timeout_exit)) {","            setTimeout(process.exit, Number(process.env.npm_config_timeout_exit));","        }","        // start server","        if (local.global.utility2_serverHttp1) {","            break;","        }","        process.env.PORT = process.env.PORT || '8081';","        console.error('server starting on port ' + process.env.PORT);","        local.http.createServer(function (request, response) {","            request.urlParsed = local.url.parse(request.url);","            if (local.assetsDict[request.urlParsed.pathname] !== undefined) {","                response.end(local.assetsDict[request.urlParsed.pathname]);","                return;","            }","            response.statusCode = 404;","            response.end();","        }).listen(process.env.PORT);","        break;","    }","}());",""],"l":{"26":2,"28":2,"33":2,"35":2,"37":2,"38":2,"39":2,"44":1,"51":2,"55":2,"59":2,"61":2,"69":1,"70":2,"76":2,"79":2,"82":2,"83":2,"85":1,"89":2,"92":1,"93":1,"94":1,"96":1,"97":1,"100":1,"101":1,"103":1,"106":1,"108":2,"114":1,"116":1,"118":1,"123":1,"124":2,"125":2,"126":3,"127":3,"128":3,"129":3,"130":1,"133":3,"134":3,"139":3,"143":1,"144":3,"145":1,"149":1,"150":1,"158":1,"160":1,"161":1,"162":1,"164":1,"166":1,"258":1,"259":1,"271":1,"274":6,"275":6,"277":1,"279":2,"281":1,"283":2,"288":1,"289":1,"291":1,"296":1,"303":1,"306":1,"307":1,"310":1,"311":1,"313":1,"314":1,"315":1,"316":1,"317":1,"318":1,"319":1,"321":1,"322":1,"324":1}},"/home/travis/build/npmtest/node-npmtest-node-resemble-js/node_modules/node-resemble-js/resemble.js":{"path":"/home/travis/build/npmtest/node-npmtest-node-resemble-js/node_modules/node-resemble-js/resemble.js","s":{"1":1,"2":1,"3":1,"4":1,"5":1,"6":1,"7":1,"8":0,"9":0,"10":1,"11":1,"12":1,"13":0,"14":0,"15":0,"16":0,"17":0,"18":0,"19":0,"20":1,"21":0,"22":0,"23":0,"24":0,"25":0,"26":1,"27":0,"28":0,"29":0,"30":0,"31":1,"32":0,"33":0,"34":0,"35":0,"36":0,"37":0,"38":0,"39":0,"40":0,"41":0,"42":0,"43":0,"44":0,"45":0,"46":0,"47":0,"48":0,"49":0,"50":0,"51":0,"52":0,"53":1,"54":0,"55":0,"56":0,"57":0,"58":0,"59":0,"60":0,"61":0,"62":0,"63":0,"64":0,"65":0,"66":0,"67":1,"68":0,"69":0,"70":0,"71":0,"72":0,"73":0,"74":0,"75":0,"76":0,"77":0,"78":1,"79":0,"80":1,"81":0,"82":0,"83":0,"84":1,"85":0,"86":1,"87":0,"88":0,"89":0,"90":0,"91":1,"92":0,"93":0,"94":0,"95":0,"96":0,"97":1,"98":0,"99":1,"100":0,"101":0,"102":0,"103":0,"104":0,"105":0,"106":0,"107":0,"108":0,"109":0,"110":0,"111":0,"112":0,"113":0,"114":0,"115":0,"116":0,"117":0,"118":1,"119":0,"120":0,"121":0,"122":0,"123":0,"124":0,"125":0,"126":0,"127":0,"128":0,"129":0,"130":0,"131":0,"132":0,"133":0,"134":0,"135":0,"136":0,"137":0,"138":0,"139":0,"140":0,"141":0,"142":0,"143":0,"144":0,"145":0,"146":0,"147":0,"148":1,"149":0,"150":0,"151":0,"152":0,"153":0,"154":1,"155":0,"156":0,"157":0,"158":0,"159":1,"160":0,"161":0,"162":0,"163":0,"164":1,"165":0,"166":0,"167":0,"168":0,"169":0,"170":0,"171":0,"172":0,"173":0,"174":0,"175":0,"176":0,"177":0,"178":1,"179":0,"180":1,"181":0,"182":1,"183":0,"184":0,"185":0,"186":0,"187":0,"188":0,"189":0,"190":0,"191":0,"192":0,"193":0,"194":0,"195":0,"196":0,"197":0,"198":0,"199":0,"200":0,"201":0,"202":0,"203":0,"204":0,"205":0,"206":0,"207":0,"208":0,"209":0,"210":0,"211":0,"212":0,"213":0,"214":0,"215":0,"216":0,"217":0,"218":0,"219":0,"220":0,"221":0,"222":0,"223":0,"224":0,"225":0,"226":0,"227":0,"228":0,"229":0,"230":0,"231":0,"232":1,"233":1,"234":0,"235":0,"236":0,"237":0,"238":0,"239":0,"240":0,"241":0,"242":0,"243":0,"244":0,"245":0,"246":0,"247":0,"248":0,"249":1,"250":0,"251":0,"252":0,"253":0,"254":0,"255":0,"256":0,"257":0,"258":0,"259":0,"260":0,"261":0,"262":0,"263":0,"264":0,"265":0,"266":0,"267":0,"268":0,"269":0,"270":0,"271":0,"272":0,"273":0,"274":0,"275":0,"276":0,"277":0,"278":0,"279":0,"280":0,"281":0,"282":0,"283":0,"284":0,"285":0,"286":0,"287":0,"288":0,"289":0,"290":0,"291":0,"292":0,"293":0,"294":0,"295":0,"296":0,"297":0,"298":0,"299":0,"300":1,"301":0,"302":0,"303":0,"304":0,"305":0,"306":0,"307":0,"308":0,"309":0,"310":0,"311":0,"312":1},"b":{"1":[0,0],"2":[0,0],"3":[0,0],"4":[0,0],"5":[0,0],"6":[0,0],"7":[0,0],"8":[0,0],"9":[0,0],"10":[0,0],"11":[0,0,0],"12":[0,0,0,0],"13":[0,0],"14":[0,0,0],"15":[0,0],"16":[0,0],"17":[0,0],"18":[0,0],"19":[0,0],"20":[0,0],"21":[0,0],"22":[0,0],"23":[0,0],"24":[0,0],"25":[0,0],"26":[0,0],"27":[0,0,0,0],"28":[0,0],"29":[0,0],"30":[0,0],"31":[0,0],"32":[0,0],"33":[0,0],"34":[0,0],"35":[0,0,0,0],"36":[0,0],"37":[0,0],"38":[0,0],"39":[0,0],"40":[0,0],"41":[0,0],"42":[0,0],"43":[0,0],"44":[0,0],"45":[0,0],"46":[0,0],"47":[0,0],"48":[0,0],"49":[0,0],"50":[0,0],"51":[0,0],"52":[0,0],"53":[0,0],"54":[0,0],"55":[0,0],"56":[0,0],"57":[0,0],"58":[0,0],"59":[0,0]},"f":{"1":0,"2":0,"3":0,"4":0,"5":0,"6":0,"7":0,"8":0,"9":0,"10":0,"11":0,"12":0,"13":0,"14":0,"15":0,"16":0,"17":0,"18":0,"19":0,"20":0,"21":0,"22":0,"23":0,"24":0,"25":0,"26":0,"27":0,"28":0,"29":0,"30":0,"31":0,"32":0,"33":0,"34":0,"35":0,"36":0,"37":0,"38":0,"39":0,"40":0,"41":0,"42":0,"43":0},"fnMap":{"1":{"name":"(anonymous_1)","line":24,"loc":{"start":{"line":24,"column":9},"end":{"line":24,"column":26}}},"2":{"name":"(anonymous_2)","line":32,"loc":{"start":{"line":32,"column":12},"end":{"line":32,"column":29}}},"3":{"name":"(anonymous_3)","line":45,"loc":{"start":{"line":45,"column":21},"end":{"line":45,"column":41}}},"4":{"name":"triggerDataUpdate","line":64,"loc":{"start":{"line":64,"column":2},"end":{"line":64,"column":30}}},"5":{"name":"loop","line":74,"loc":{"start":{"line":74,"column":2},"end":{"line":74,"column":31}}},"6":{"name":"parseImage","line":84,"loc":{"start":{"line":84,"column":2},"end":{"line":84,"column":53}}},"7":{"name":"(anonymous_7)","line":92,"loc":{"start":{"line":92,"column":23},"end":{"line":92,"column":59}}},"8":{"name":"loadImageData","line":115,"loc":{"start":{"line":115,"column":2},"end":{"line":115,"column":46}}},"9":{"name":"(anonymous_9)","line":119,"loc":{"start":{"line":119,"column":24},"end":{"line":119,"column":45}}},"10":{"name":"(anonymous_10)","line":128,"loc":{"start":{"line":128,"column":21},"end":{"line":128,"column":32}}},"11":{"name":"isColorSimilar","line":140,"loc":{"start":{"line":140,"column":2},"end":{"line":140,"column":38}}},"12":{"name":"isNumber","line":160,"loc":{"start":{"line":160,"column":2},"end":{"line":160,"column":23}}},"13":{"name":"isPixelBrightnessSimilar","line":164,"loc":{"start":{"line":164,"column":2},"end":{"line":164,"column":43}}},"14":{"name":"getBrightness","line":170,"loc":{"start":{"line":170,"column":2},"end":{"line":170,"column":31}}},"15":{"name":"isRGBSame","line":174,"loc":{"start":{"line":174,"column":2},"end":{"line":174,"column":27}}},"16":{"name":"isRGBSimilar","line":181,"loc":{"start":{"line":181,"column":2},"end":{"line":181,"column":31}}},"17":{"name":"isContrasting","line":190,"loc":{"start":{"line":190,"column":2},"end":{"line":190,"column":32}}},"18":{"name":"getHue","line":194,"loc":{"start":{"line":194,"column":2},"end":{"line":194,"column":24}}},"19":{"name":"isAntialiased","line":218,"loc":{"start":{"line":218,"column":2},"end":{"line":218,"column":86}}},"20":{"name":"errorPixel","line":273,"loc":{"start":{"line":273,"column":2},"end":{"line":273,"column":47}}},"21":{"name":"copyPixel","line":281,"loc":{"start":{"line":281,"column":2},"end":{"line":281,"column":38}}},"22":{"name":"copyGrayScalePixel","line":288,"loc":{"start":{"line":288,"column":2},"end":{"line":288,"column":47}}},"23":{"name":"getPixelInfo","line":295,"loc":{"start":{"line":295,"column":2},"end":{"line":295,"column":47}}},"24":{"name":"addBrightnessInfo","line":321,"loc":{"start":{"line":321,"column":2},"end":{"line":321,"column":34}}},"25":{"name":"addHueInfo","line":325,"loc":{"start":{"line":325,"column":2},"end":{"line":325,"column":27}}},"26":{"name":"analyseImages","line":329,"loc":{"start":{"line":329,"column":2},"end":{"line":329,"column":51}}},"27":{"name":"(anonymous_27)","line":357,"loc":{"start":{"line":357,"column":23},"end":{"line":357,"column":59}}},"28":{"name":"(anonymous_28)","line":430,"loc":{"start":{"line":430,"column":23},"end":{"line":430,"column":37}}},"29":{"name":"(anonymous_29)","line":434,"loc":{"start":{"line":434,"column":29},"end":{"line":434,"column":47}}},"30":{"name":"compare","line":443,"loc":{"start":{"line":443,"column":2},"end":{"line":443,"column":28}}},"31":{"name":"onceWeHaveBoth","line":445,"loc":{"start":{"line":445,"column":3},"end":{"line":445,"column":31}}},"32":{"name":"getCompareApi","line":474,"loc":{"start":{"line":474,"column":2},"end":{"line":474,"column":31}}},"33":{"name":"(anonymous_33)","line":485,"loc":{"start":{"line":485,"column":19},"end":{"line":485,"column":29}}},"34":{"name":"(anonymous_34)","line":500,"loc":{"start":{"line":500,"column":24},"end":{"line":500,"column":34}}},"35":{"name":"(anonymous_35)","line":515,"loc":{"start":{"line":515,"column":18},"end":{"line":515,"column":28}}},"36":{"name":"(anonymous_36)","line":529,"loc":{"start":{"line":529,"column":26},"end":{"line":529,"column":47}}},"37":{"name":"(anonymous_37)","line":533,"loc":{"start":{"line":533,"column":13},"end":{"line":533,"column":23}}},"38":{"name":"(anonymous_38)","line":537,"loc":{"start":{"line":537,"column":16},"end":{"line":537,"column":36}}},"39":{"name":"(anonymous_39)","line":541,"loc":{"start":{"line":541,"column":19},"end":{"line":541,"column":29}}},"40":{"name":"(anonymous_40)","line":555,"loc":{"start":{"line":555,"column":15},"end":{"line":555,"column":35}}},"41":{"name":"(anonymous_41)","line":557,"loc":{"start":{"line":557,"column":28},"end":{"line":557,"column":62}}},"42":{"name":"(anonymous_42)","line":561,"loc":{"start":{"line":561,"column":14},"end":{"line":561,"column":38}}},"43":{"name":"(anonymous_43)","line":568,"loc":{"start":{"line":568,"column":36},"end":{"line":568,"column":53}}}},"statementMap":{"1":{"start":{"line":7,"column":0},"end":{"line":7,"column":31}},"2":{"start":{"line":8,"column":0},"end":{"line":8,"column":23}},"3":{"start":{"line":9,"column":0},"end":{"line":9,"column":30}},"4":{"start":{"line":12,"column":0},"end":{"line":12,"column":15}},"5":{"start":{"line":14,"column":1},"end":{"line":14,"column":27}},"6":{"start":{"line":16,"column":1},"end":{"line":21,"column":3}},"7":{"start":{"line":23,"column":1},"end":{"line":40,"column":3}},"8":{"start":{"line":25,"column":3},"end":{"line":30,"column":4}},"9":{"start":{"line":33,"column":3},"end":{"line":38,"column":4}},"10":{"start":{"line":42,"column":1},"end":{"line":42,"column":54}},"11":{"start":{"line":43,"column":1},"end":{"line":43,"column":32}},"12":{"start":{"line":45,"column":1},"end":{"line":566,"column":3}},"13":{"start":{"line":47,"column":2},"end":{"line":47,"column":16}},"14":{"start":{"line":48,"column":2},"end":{"line":48,"column":18}},"15":{"start":{"line":49,"column":2},"end":{"line":49,"column":31}},"16":{"start":{"line":51,"column":2},"end":{"line":58,"column":4}},"17":{"start":{"line":60,"column":2},"end":{"line":60,"column":33}},"18":{"start":{"line":61,"column":2},"end":{"line":61,"column":27}},"19":{"start":{"line":62,"column":4},"end":{"line":62,"column":32}},"20":{"start":{"line":64,"column":2},"end":{"line":72,"column":3}},"21":{"start":{"line":65,"column":3},"end":{"line":65,"column":40}},"22":{"start":{"line":66,"column":3},"end":{"line":66,"column":9}},"23":{"start":{"line":67,"column":3},"end":{"line":71,"column":4}},"24":{"start":{"line":68,"column":4},"end":{"line":70,"column":5}},"25":{"start":{"line":69,"column":5},"end":{"line":69,"column":34}},"26":{"start":{"line":74,"column":2},"end":{"line":82,"column":3}},"27":{"start":{"line":75,"column":3},"end":{"line":75,"column":11}},"28":{"start":{"line":77,"column":3},"end":{"line":81,"column":4}},"29":{"start":{"line":78,"column":4},"end":{"line":80,"column":5}},"30":{"start":{"line":79,"column":5},"end":{"line":79,"column":20}},"31":{"start":{"line":84,"column":2},"end":{"line":113,"column":3}},"32":{"start":{"line":86,"column":3},"end":{"line":86,"column":22}},"33":{"start":{"line":87,"column":3},"end":{"line":87,"column":20}},"34":{"start":{"line":88,"column":3},"end":{"line":88,"column":22}},"35":{"start":{"line":89,"column":3},"end":{"line":89,"column":21}},"36":{"start":{"line":90,"column":3},"end":{"line":90,"column":27}},"37":{"start":{"line":92,"column":3},"end":{"line":105,"column":6}},"38":{"start":{"line":93,"column":4},"end":{"line":93,"column":57}},"39":{"start":{"line":94,"column":4},"end":{"line":94,"column":38}},"40":{"start":{"line":95,"column":4},"end":{"line":95,"column":44}},"41":{"start":{"line":96,"column":4},"end":{"line":96,"column":43}},"42":{"start":{"line":97,"column":4},"end":{"line":97,"column":51}},"43":{"start":{"line":99,"column":4},"end":{"line":99,"column":17}},"44":{"start":{"line":101,"column":4},"end":{"line":101,"column":32}},"45":{"start":{"line":102,"column":4},"end":{"line":102,"column":36}},"46":{"start":{"line":103,"column":4},"end":{"line":103,"column":34}},"47":{"start":{"line":104,"column":4},"end":{"line":104,"column":46}},"48":{"start":{"line":107,"column":3},"end":{"line":107,"column":48}},"49":{"start":{"line":108,"column":3},"end":{"line":108,"column":52}},"50":{"start":{"line":109,"column":3},"end":{"line":109,"column":50}},"51":{"start":{"line":110,"column":3},"end":{"line":110,"column":62}},"52":{"start":{"line":112,"column":3},"end":{"line":112,"column":23}},"53":{"start":{"line":115,"column":2},"end":{"line":138,"column":3}},"54":{"start":{"line":117,"column":3},"end":{"line":137,"column":4}},"55":{"start":{"line":118,"column":4},"end":{"line":118,"column":24}},"56":{"start":{"line":119,"column":4},"end":{"line":121,"column":7}},"57":{"start":{"line":120,"column":6},"end":{"line":120,"column":46}},"58":{"start":{"line":123,"column":4},"end":{"line":123,"column":62}},"59":{"start":{"line":124,"column":4},"end":{"line":131,"column":5}},"60":{"start":{"line":125,"column":5},"end":{"line":125,"column":25}},"61":{"start":{"line":126,"column":5},"end":{"line":130,"column":10}},"62":{"start":{"line":129,"column":6},"end":{"line":129,"column":46}},"63":{"start":{"line":132,"column":4},"end":{"line":136,"column":5}},"64":{"start":{"line":133,"column":5},"end":{"line":133,"column":46}},"65":{"start":{"line":134,"column":5},"end":{"line":134,"column":44}},"66":{"start":{"line":135,"column":5},"end":{"line":135,"column":57}},"67":{"start":{"line":140,"column":2},"end":{"line":158,"column":3}},"68":{"start":{"line":142,"column":3},"end":{"line":142,"column":33}},"69":{"start":{"line":144,"column":3},"end":{"line":146,"column":4}},"70":{"start":{"line":145,"column":4},"end":{"line":145,"column":17}},"71":{"start":{"line":147,"column":3},"end":{"line":149,"column":4}},"72":{"start":{"line":148,"column":4},"end":{"line":148,"column":17}},"73":{"start":{"line":151,"column":3},"end":{"line":157,"column":4}},"74":{"start":{"line":152,"column":4},"end":{"line":152,"column":16}},"75":{"start":{"line":153,"column":10},"end":{"line":157,"column":4}},"76":{"start":{"line":154,"column":4},"end":{"line":154,"column":16}},"77":{"start":{"line":156,"column":4},"end":{"line":156,"column":17}},"78":{"start":{"line":160,"column":2},"end":{"line":162,"column":3}},"79":{"start":{"line":161,"column":3},"end":{"line":161,"column":32}},"80":{"start":{"line":164,"column":2},"end":{"line":168,"column":3}},"81":{"start":{"line":165,"column":3},"end":{"line":165,"column":51}},"82":{"start":{"line":166,"column":3},"end":{"line":166,"column":82}},"83":{"start":{"line":167,"column":3},"end":{"line":167,"column":30}},"84":{"start":{"line":170,"column":2},"end":{"line":172,"column":3}},"85":{"start":{"line":171,"column":3},"end":{"line":171,"column":34}},"86":{"start":{"line":174,"column":2},"end":{"line":179,"column":3}},"87":{"start":{"line":175,"column":3},"end":{"line":175,"column":27}},"88":{"start":{"line":176,"column":3},"end":{"line":176,"column":29}},"89":{"start":{"line":177,"column":3},"end":{"line":177,"column":28}},"90":{"start":{"line":178,"column":3},"end":{"line":178,"column":31}},"91":{"start":{"line":181,"column":2},"end":{"line":188,"column":3}},"92":{"start":{"line":182,"column":3},"end":{"line":182,"column":45}},"93":{"start":{"line":183,"column":3},"end":{"line":183,"column":49}},"94":{"start":{"line":184,"column":3},"end":{"line":184,"column":47}},"95":{"start":{"line":185,"column":3},"end":{"line":185,"column":51}},"96":{"start":{"line":187,"column":3},"end":{"line":187,"column":40}},"97":{"start":{"line":190,"column":2},"end":{"line":192,"column":3}},"98":{"start":{"line":191,"column":3},"end":{"line":191,"column":76}},"99":{"start":{"line":194,"column":2},"end":{"line":216,"column":3}},"100":{"start":{"line":196,"column":3},"end":{"line":196,"column":15}},"101":{"start":{"line":197,"column":3},"end":{"line":197,"column":15}},"102":{"start":{"line":198,"column":3},"end":{"line":198,"column":15}},"103":{"start":{"line":199,"column":3},"end":{"line":199,"column":56}},"104":{"start":{"line":200,"column":3},"end":{"line":200,"column":9}},"105":{"start":{"line":201,"column":3},"end":{"line":201,"column":9}},"106":{"start":{"line":203,"column":3},"end":{"line":213,"column":4}},"107":{"start":{"line":204,"column":4},"end":{"line":204,"column":10}},"108":{"start":{"line":206,"column":4},"end":{"line":206,"column":18}},"109":{"start":{"line":207,"column":4},"end":{"line":211,"column":5}},"110":{"start":{"line":208,"column":13},"end":{"line":208,"column":47}},"111":{"start":{"line":208,"column":48},"end":{"line":208,"column":54}},"112":{"start":{"line":209,"column":13},"end":{"line":209,"column":33}},"113":{"start":{"line":209,"column":34},"end":{"line":209,"column":40}},"114":{"start":{"line":210,"column":13},"end":{"line":210,"column":33}},"115":{"start":{"line":210,"column":34},"end":{"line":210,"column":40}},"116":{"start":{"line":212,"column":4},"end":{"line":212,"column":11}},"117":{"start":{"line":215,"column":3},"end":{"line":215,"column":12}},"118":{"start":{"line":218,"column":2},"end":{"line":271,"column":3}},"119":{"start":{"line":219,"column":3},"end":{"line":219,"column":14}},"120":{"start":{"line":220,"column":3},"end":{"line":220,"column":17}},"121":{"start":{"line":221,"column":3},"end":{"line":221,"column":20}},"122":{"start":{"line":222,"column":3},"end":{"line":222,"column":9}},"123":{"start":{"line":223,"column":3},"end":{"line":223,"column":9}},"124":{"start":{"line":224,"column":3},"end":{"line":224,"column":34}},"125":{"start":{"line":225,"column":3},"end":{"line":225,"column":38}},"126":{"start":{"line":226,"column":3},"end":{"line":226,"column":32}},"127":{"start":{"line":228,"column":3},"end":{"line":228,"column":25}},"128":{"start":{"line":230,"column":3},"end":{"line":264,"column":4}},"129":{"start":{"line":231,"column":4},"end":{"line":263,"column":5}},"130":{"start":{"line":233,"column":5},"end":{"line":262,"column":6}},"131":{"start":{"line":237,"column":6},"end":{"line":237,"column":63}},"132":{"start":{"line":238,"column":6},"end":{"line":238,"column":55}},"133":{"start":{"line":240,"column":6},"end":{"line":242,"column":7}},"134":{"start":{"line":241,"column":7},"end":{"line":241,"column":16}},"135":{"start":{"line":244,"column":6},"end":{"line":244,"column":35}},"136":{"start":{"line":245,"column":6},"end":{"line":245,"column":28}},"137":{"start":{"line":247,"column":6},"end":{"line":249,"column":7}},"138":{"start":{"line":248,"column":7},"end":{"line":248,"column":32}},"139":{"start":{"line":251,"column":6},"end":{"line":253,"column":7}},"140":{"start":{"line":252,"column":7},"end":{"line":252,"column":30}},"141":{"start":{"line":255,"column":6},"end":{"line":257,"column":7}},"142":{"start":{"line":256,"column":7},"end":{"line":256,"column":36}},"143":{"start":{"line":259,"column":6},"end":{"line":261,"column":7}},"144":{"start":{"line":260,"column":7},"end":{"line":260,"column":19}},"145":{"start":{"line":266,"column":3},"end":{"line":268,"column":4}},"146":{"start":{"line":267,"column":4},"end":{"line":267,"column":16}},"147":{"start":{"line":270,"column":3},"end":{"line":270,"column":16}},"148":{"start":{"line":273,"column":2},"end":{"line":279,"column":3}},"149":{"start":{"line":274,"column":3},"end":{"line":274,"column":50}},"150":{"start":{"line":275,"column":3},"end":{"line":275,"column":23}},"151":{"start":{"line":276,"column":3},"end":{"line":276,"column":27}},"152":{"start":{"line":277,"column":3},"end":{"line":277,"column":27}},"153":{"start":{"line":278,"column":3},"end":{"line":278,"column":27}},"154":{"start":{"line":281,"column":2},"end":{"line":286,"column":3}},"155":{"start":{"line":282,"column":3},"end":{"line":282,"column":23}},"156":{"start":{"line":283,"column":3},"end":{"line":283,"column":27}},"157":{"start":{"line":284,"column":3},"end":{"line":284,"column":27}},"158":{"start":{"line":285,"column":3},"end":{"line":285,"column":47}},"159":{"start":{"line":288,"column":2},"end":{"line":293,"column":3}},"160":{"start":{"line":289,"column":3},"end":{"line":289,"column":32}},"161":{"start":{"line":290,"column":3},"end":{"line":290,"column":36}},"162":{"start":{"line":291,"column":3},"end":{"line":291,"column":36}},"163":{"start":{"line":292,"column":3},"end":{"line":292,"column":47}},"164":{"start":{"line":295,"column":2},"end":{"line":319,"column":3}},"165":{"start":{"line":296,"column":3},"end":{"line":296,"column":9}},"166":{"start":{"line":297,"column":3},"end":{"line":297,"column":9}},"167":{"start":{"line":298,"column":3},"end":{"line":298,"column":9}},"168":{"start":{"line":299,"column":3},"end":{"line":299,"column":9}},"169":{"start":{"line":300,"column":3},"end":{"line":300,"column":9}},"170":{"start":{"line":302,"column":3},"end":{"line":302,"column":20}},"171":{"start":{"line":304,"column":3},"end":{"line":318,"column":4}},"172":{"start":{"line":305,"column":4},"end":{"line":305,"column":23}},"173":{"start":{"line":306,"column":4},"end":{"line":306,"column":23}},"174":{"start":{"line":307,"column":4},"end":{"line":307,"column":23}},"175":{"start":{"line":308,"column":4},"end":{"line":313,"column":6}},"176":{"start":{"line":315,"column":4},"end":{"line":315,"column":13}},"177":{"start":{"line":317,"column":4},"end":{"line":317,"column":16}},"178":{"start":{"line":321,"column":2},"end":{"line":323,"column":3}},"179":{"start":{"line":322,"column":3},"end":{"line":322,"column":57}},"180":{"start":{"line":325,"column":2},"end":{"line":327,"column":3}},"181":{"start":{"line":326,"column":3},"end":{"line":326,"column":41}},"182":{"start":{"line":329,"column":2},"end":{"line":441,"column":3}},"183":{"start":{"line":331,"column":3},"end":{"line":331,"column":25}},"184":{"start":{"line":332,"column":3},"end":{"line":332,"column":25}},"185":{"start":{"line":335,"column":6},"end":{"line":341,"column":11}},"186":{"start":{"line":342,"column":3},"end":{"line":342,"column":29}},"187":{"start":{"line":344,"column":3},"end":{"line":344,"column":25}},"188":{"start":{"line":346,"column":3},"end":{"line":346,"column":25}},"189":{"start":{"line":348,"column":3},"end":{"line":348,"column":12}},"190":{"start":{"line":350,"column":6},"end":{"line":350,"column":34}},"191":{"start":{"line":351,"column":6},"end":{"line":351,"column":28}},"192":{"start":{"line":353,"column":3},"end":{"line":355,"column":4}},"193":{"start":{"line":354,"column":4},"end":{"line":354,"column":13}},"194":{"start":{"line":357,"column":3},"end":{"line":425,"column":6}},"195":{"start":{"line":359,"column":4},"end":{"line":363,"column":5}},"196":{"start":{"line":360,"column":5},"end":{"line":362,"column":6}},"197":{"start":{"line":361,"column":6},"end":{"line":361,"column":13}},"198":{"start":{"line":365,"column":4},"end":{"line":365,"column":57}},"199":{"start":{"line":366,"column":4},"end":{"line":366,"column":48}},"200":{"start":{"line":367,"column":4},"end":{"line":367,"column":48}},"201":{"start":{"line":369,"column":4},"end":{"line":371,"column":5}},"202":{"start":{"line":370,"column":5},"end":{"line":370,"column":12}},"203":{"start":{"line":373,"column":8},"end":{"line":388,"column":9}},"204":{"start":{"line":374,"column":10},"end":{"line":387,"column":11}},"205":{"start":{"line":375,"column":12},"end":{"line":375,"column":63}},"206":{"start":{"line":377,"column":12},"end":{"line":386,"column":13}},"207":{"start":{"line":383,"column":8},"end":{"line":383,"column":54}},"208":{"start":{"line":385,"column":14},"end":{"line":385,"column":21}},"209":{"start":{"line":390,"column":4},"end":{"line":402,"column":5}},"210":{"start":{"line":392,"column":5},"end":{"line":392,"column":31}},"211":{"start":{"line":393,"column":5},"end":{"line":393,"column":31}},"212":{"start":{"line":395,"column":5},"end":{"line":400,"column":6}},"213":{"start":{"line":396,"column":6},"end":{"line":396,"column":52}},"214":{"start":{"line":398,"column":6},"end":{"line":398,"column":52}},"215":{"start":{"line":399,"column":6},"end":{"line":399,"column":22}},"216":{"start":{"line":401,"column":5},"end":{"line":401,"column":12}},"217":{"start":{"line":404,"column":4},"end":{"line":423,"column":5}},"218":{"start":{"line":405,"column":5},"end":{"line":405,"column":50}},"219":{"start":{"line":407,"column":11},"end":{"line":423,"column":5}},"220":{"start":{"line":414,"column":5},"end":{"line":419,"column":6}},"221":{"start":{"line":415,"column":6},"end":{"line":415,"column":52}},"222":{"start":{"line":417,"column":6},"end":{"line":417,"column":52}},"223":{"start":{"line":418,"column":6},"end":{"line":418,"column":22}},"224":{"start":{"line":421,"column":5},"end":{"line":421,"column":51}},"225":{"start":{"line":422,"column":5},"end":{"line":422,"column":21}},"226":{"start":{"line":427,"column":3},"end":{"line":427,"column":79}},"227":{"start":{"line":428,"column":3},"end":{"line":428,"column":41}},"228":{"start":{"line":430,"column":3},"end":{"line":432,"column":5}},"229":{"start":{"line":431,"column":8},"end":{"line":431,"column":20}},"230":{"start":{"line":434,"column":3},"end":{"line":440,"column":5}},"231":{"start":{"line":435,"column":4},"end":{"line":439,"column":50}},"232":{"start":{"line":443,"column":2},"end":{"line":472,"column":3}},"233":{"start":{"line":445,"column":3},"end":{"line":467,"column":4}},"234":{"start":{"line":446,"column":4},"end":{"line":446,"column":14}},"235":{"start":{"line":447,"column":4},"end":{"line":447,"column":15}},"236":{"start":{"line":449,"column":8},"end":{"line":449,"column":25}},"237":{"start":{"line":450,"column":4},"end":{"line":466,"column":5}},"238":{"start":{"line":451,"column":5},"end":{"line":451,"column":83}},"239":{"start":{"line":452,"column":5},"end":{"line":452,"column":88}},"240":{"start":{"line":454,"column":5},"end":{"line":458,"column":6}},"241":{"start":{"line":455,"column":6},"end":{"line":455,"column":35}},"242":{"start":{"line":457,"column":6},"end":{"line":457,"column":36}},"243":{"start":{"line":460,"column":5},"end":{"line":460,"column":122}},"244":{"start":{"line":463,"column":5},"end":{"line":463,"column":57}},"245":{"start":{"line":465,"column":5},"end":{"line":465,"column":25}},"246":{"start":{"line":469,"column":3},"end":{"line":469,"column":15}},"247":{"start":{"line":470,"column":3},"end":{"line":470,"column":38}},"248":{"start":{"line":471,"column":3},"end":{"line":471,"column":38}},"249":{"start":{"line":474,"column":2},"end":{"line":552,"column":3}},"250":{"start":{"line":476,"column":3},"end":{"line":477,"column":44}},"251":{"start":{"line":479,"column":3},"end":{"line":482,"column":4}},"252":{"start":{"line":481,"column":4},"end":{"line":481,"column":27}},"253":{"start":{"line":484,"column":3},"end":{"line":549,"column":5}},"254":{"start":{"line":487,"column":5},"end":{"line":487,"column":24}},"255":{"start":{"line":488,"column":5},"end":{"line":488,"column":26}},"256":{"start":{"line":489,"column":5},"end":{"line":489,"column":25}},"257":{"start":{"line":490,"column":5},"end":{"line":490,"column":26}},"258":{"start":{"line":491,"column":5},"end":{"line":491,"column":34}},"259":{"start":{"line":492,"column":5},"end":{"line":492,"column":35}},"260":{"start":{"line":494,"column":5},"end":{"line":494,"column":32}},"261":{"start":{"line":495,"column":5},"end":{"line":495,"column":26}},"262":{"start":{"line":497,"column":5},"end":{"line":497,"column":31}},"263":{"start":{"line":497,"column":21},"end":{"line":497,"column":29}},"264":{"start":{"line":498,"column":5},"end":{"line":498,"column":17}},"265":{"start":{"line":502,"column":5},"end":{"line":502,"column":24}},"266":{"start":{"line":503,"column":5},"end":{"line":503,"column":26}},"267":{"start":{"line":504,"column":5},"end":{"line":504,"column":25}},"268":{"start":{"line":505,"column":5},"end":{"line":505,"column":26}},"269":{"start":{"line":506,"column":5},"end":{"line":506,"column":34}},"270":{"start":{"line":507,"column":5},"end":{"line":507,"column":34}},"271":{"start":{"line":509,"column":5},"end":{"line":509,"column":31}},"272":{"start":{"line":510,"column":5},"end":{"line":510,"column":26}},"273":{"start":{"line":512,"column":5},"end":{"line":512,"column":31}},"274":{"start":{"line":512,"column":21},"end":{"line":512,"column":29}},"275":{"start":{"line":513,"column":5},"end":{"line":513,"column":17}},"276":{"start":{"line":517,"column":5},"end":{"line":517,"column":26}},"277":{"start":{"line":518,"column":5},"end":{"line":518,"column":34}},"278":{"start":{"line":519,"column":5},"end":{"line":519,"column":35}},"279":{"start":{"line":521,"column":5},"end":{"line":521,"column":32}},"280":{"start":{"line":522,"column":5},"end":{"line":522,"column":25}},"281":{"start":{"line":524,"column":5},"end":{"line":524,"column":31}},"282":{"start":{"line":524,"column":21},"end":{"line":524,"column":29}},"283":{"start":{"line":525,"column":5},"end":{"line":525,"column":17}},"284":{"start":{"line":530,"column":10},"end":{"line":530,"column":40}},"285":{"start":{"line":531,"column":10},"end":{"line":531,"column":22}},"286":{"start":{"line":534,"column":5},"end":{"line":534,"column":31}},"287":{"start":{"line":534,"column":21},"end":{"line":534,"column":29}},"288":{"start":{"line":535,"column":5},"end":{"line":535,"column":17}},"289":{"start":{"line":539,"column":5},"end":{"line":539,"column":40}},"290":{"start":{"line":541,"column":5},"end":{"line":543,"column":7}},"291":{"start":{"line":542,"column":6},"end":{"line":542,"column":40}},"292":{"start":{"line":545,"column":5},"end":{"line":545,"column":15}},"293":{"start":{"line":547,"column":5},"end":{"line":547,"column":35}},"294":{"start":{"line":551,"column":3},"end":{"line":551,"column":15}},"295":{"start":{"line":554,"column":2},"end":{"line":564,"column":4}},"296":{"start":{"line":556,"column":4},"end":{"line":556,"column":39}},"297":{"start":{"line":557,"column":4},"end":{"line":559,"column":7}},"298":{"start":{"line":558,"column":5},"end":{"line":558,"column":47}},"299":{"start":{"line":562,"column":4},"end":{"line":562,"column":41}},"300":{"start":{"line":568,"column":1},"end":{"line":589,"column":3}},"301":{"start":{"line":569,"column":2},"end":{"line":569,"column":10}},"302":{"start":{"line":570,"column":2},"end":{"line":570,"column":16}},"303":{"start":{"line":572,"column":2},"end":{"line":576,"column":3}},"304":{"start":{"line":573,"column":3},"end":{"line":575,"column":4}},"305":{"start":{"line":574,"column":4},"end":{"line":574,"column":114}},"306":{"start":{"line":578,"col
[...]
l += blue / 255 * 100;","\t\t\t\tbrightnessTotal += brightness / 255 * 100;","\t\t\t});","","\t\t\tdata.red = Math.floor(redTotal / pixleCount);","\t\t\tdata.green = Math.floor(greenTotal / pixleCount);","\t\t\tdata.blue = Math.floor(blueTotal / pixleCount);","\t\t\tdata.brightness = Math.floor(brightnessTotal / pixleCount);","","\t\t\ttriggerDataUpdate();","\t\t}","","\t\tfunction loadImageData( fileData, callback ){","","\t\t\tif (Buffer.isBuffer(fileData)) {","\t\t\t\tvar png = new PNG();","\t\t\t\tpng.parse(fileData, function (err, data) {","\t\t\t\t  callback(data, data.width, data.height);","\t\t\t\t});","\t\t\t} else {","\t\t\t\tvar ext = fileData.substring(fileData.lastIndexOf(\".\")+1);","\t\t\t\tif(ext==\"png\") {","\t\t\t\t\tvar png = new PNG();","\t\t\t\t\tfs.createReadStream(fileData)","\t\t\t\t\t  .pipe(png)","\t\t\t\t\t  .on('parsed', function() {","\t\t\t\t\t\tcallback(this, this.width, this.height);","\t\t\t\t\t  });","\t\t\t\t}","\t\t\t\tif(ext==\"jpg\" || ext==\"jpeg\") {","\t\t\t\t\tvar jpegData = fs.readFileSync(fileData);","\t\t\t\t\tfileData = jpeg.decode(jpegData, true);","\t\t\t\t\tcallback(fileData, fileData.width, fileData.height);","\t\t\t\t}","\t\t\t};","\t\t}","","\t\tfunction isColorSimilar(a, b, color){","","\t\t\tvar absDiff = Math.abs(a - b);","","\t\t\tif(typeof a === 'undefined'){","\t\t\t\treturn false;","\t\t\t}","\t\t\tif(typeof b === 'undefined'){","\t\t\t\treturn false;","\t\t\t}","","\t\t\tif(a === b){","\t\t\t\treturn true;","\t\t\t} else if ( absDiff < tolerance[color] ) {","\t\t\t\treturn true;","\t\t\t} else {","\t\t\t\treturn false;","\t\t\t}","\t\t}","","\t\tfunction isNumber(n) {","\t\t\treturn !isNaN(parseFloat(n));","\t\t}","","\t\tfunction isPixelBrightnessSimilar(d1, d2){","\t\t\tvar alpha = isColorSimilar(d1.a, d2.a, 'alpha');","\t\t\tvar brightness = isColorSimilar(d1.brightness, d2.brightness, 'minBrightness');","\t\t\treturn brightness && alpha;","\t\t}","","\t\tfunction getBrightness(r,g,b){","\t\t\treturn 0.3*r + 0.59*g + 0.11*b;","\t\t}","","\t\tfunction isRGBSame(d1,d2){","\t\t\tvar red = d1.r === d2.r;","\t\t\tvar green = d1.g === d2.g;","\t\t\tvar blue = d1.b === d2.b;","\t\t\treturn red && green && blue;","\t\t}","","\t\tfunction isRGBSimilar(d1, d2){","\t\t\tvar red = isColorSimilar(d1.r,d2.r,'red');","\t\t\tvar green = isColorSimilar(d1.g,d2.g,'green');","\t\t\tvar blue = isColorSimilar(d1.b,d2.b,'blue');","\t\t\tvar alpha = isColorSimilar(d1.a, d2.a, 'alpha');","","\t\t\treturn red && green && blue && alpha;","\t\t}","","\t\tfunction isContrasting(d1, d2){","\t\t\treturn Math.abs(d1.brightness - d2.brightness) > tolerance.maxBrightness;","\t\t}","","\t\tfunction getHue(r,g,b){","","\t\t\tr = r / 255;","\t\t\tg = g / 255;","\t\t\tb = b / 255;","\t\t\tvar max = Math.max(r, g, b), min = Math.min(r, g, b);","\t\t\tvar h;","\t\t\tvar d;","","\t\t\tif (max == min){","\t\t\t\th = 0; // achromatic","\t\t\t} else{","\t\t\t\td = max - min;","\t\t\t\tswitch(max){","\t\t\t\t\tcase r: h = (g - b) / d + (g < b ? 6 : 0); break;","\t\t\t\t\tcase g: h = (b - r) / d + 2; break;","\t\t\t\t\tcase b: h = (r - g) / d + 4; break;","\t\t\t\t}","\t\t\t\th /= 6;","\t\t\t}","","\t\t\treturn h;","\t\t}","","\t\tfunction isAntialiased(sourcePix, data, cacheSet, verticalPos, horizontalPos, width){","\t\t\tvar offset;","\t\t\tvar targetPix;","\t\t\tvar distance = 1;","\t\t\tvar i;","\t\t\tvar j;","\t\t\tvar hasHighContrastSibling = 0;","\t\t\tvar hasSiblingWithDifferentHue = 0;","\t\t\tvar hasEquivilantSibling = 0;","","\t\t\taddHueInfo(sourcePix);","","\t\t\tfor (i = distance*-1; i <= distance; i++){","\t\t\t\tfor (j = distance*-1; j <= distance; j++){","","\t\t\t\t\tif(i===0 && j===0){","\t\t\t\t\t\t// ignore source pixel","\t\t\t\t\t} else {","","\t\t\t\t\t\toffset = ((verticalPos+j)*width + (horizontalPos+i)) * 4;","\t\t\t\t\t\ttargetPix = getPixelInfo(data, offset, cacheSet);","","\t\t\t\t\t\tif(targetPix === null){","\t\t\t\t\t\t\tcontinue;","\t\t\t\t\t\t}","","\t\t\t\t\t\taddBrightnessInfo(targetPix);","\t\t\t\t\t\taddHueInfo(targetPix);","","\t\t\t\t\t\tif( isContrasting(sourcePix, targetPix) ){","\t\t\t\t\t\t\thasHighContrastSibling++;","\t\t\t\t\t\t}","","\t\t\t\t\t\tif( isRGBSame(sourcePix,targetPix) ){","\t\t\t\t\t\t\thasEquivilantSibling++;","\t\t\t\t\t\t}","","\t\t\t\t\t\tif( Math.abs(targetPix.h - sourcePix.h) > 0.3 ){","\t\t\t\t\t\t\thasSiblingWithDifferentHue++;","\t\t\t\t\t\t}","","\t\t\t\t\t\tif( hasSiblingWithDifferentHue > 1 || hasHighContrastSibling > 1){","\t\t\t\t\t\t\treturn true;","\t\t\t\t\t\t}","\t\t\t\t\t}","\t\t\t\t}","\t\t\t}","","\t\t\tif(hasEquivilantSibling < 2){","\t\t\t\treturn true;","\t\t\t}","","\t\t\treturn false;","\t\t}","","\t\tfunction errorPixel(px, offset, data1, data2){","\t\t\tvar data = errorPixelTransformer(data1, data2);","\t\t\tpx[offset] = data.r;","\t\t\tpx[offset + 1] = data.g;","\t\t\tpx[offset + 2] = data.b;","\t\t\tpx[offset + 3] = data.a;","\t\t}","","\t\tfunction copyPixel(px, offset, data){","\t\t\tpx[offset] = data.r; //r","\t\t\tpx[offset + 1] = data.g; //g","\t\t\tpx[offset + 2] = data.b; //b","\t\t\tpx[offset + 3] = data.a * pixelTransparency; //a","\t\t}","","\t\tfunction copyGrayScalePixel(px, offset, data){","\t\t\tpx[offset] = data.brightness; //r","\t\t\tpx[offset + 1] = data.brightness; //g","\t\t\tpx[offset + 2] = data.brightness; //b","\t\t\tpx[offset + 3] = data.a * pixelTransparency; //a","\t\t}","","\t\tfunction getPixelInfo(data, offset, cacheSet){","\t\t\tvar r;","\t\t\tvar g;","\t\t\tvar b;","\t\t\tvar d;","\t\t\tvar a;","","\t\t\tr = data[offset];","","\t\t\tif(typeof r !== 'undefined'){","\t\t\t\tg = data[offset+1];","\t\t\t\tb = data[offset+2];","\t\t\t\ta = data[offset+3];","\t\t\t\td = {","\t\t\t\t\tr: r,","\t\t\t\t\tg: g,","\t\t\t\t\tb: b,","\t\t\t\t\ta: a","\t\t\t\t};","","\t\t\t\treturn d;","\t\t\t} else {","\t\t\t\treturn null;","\t\t\t}","\t\t}","","\t\tfunction addBrightnessInfo(data){","\t\t\tdata.brightness = getBrightness(data.r,data.g,data.b); // 'corrected' lightness","\t\t}","","\t\tfunction addHueInfo(data){","\t\t\tdata.h = getHue(data.r,data.g,data.b);","\t\t}","","\t\tfunction analyseImages(img1, img2, width, height){","","\t\t\tvar data1 = img1.data;","\t\t\tvar data2 = img2.data;","","      //TODO","      var imgd = new PNG({","          width: img1.width,","          height: img1.height,","          deflateChunkSize: img1.deflateChunkSize,","          deflateLevel: img1.deflateLevel,","          deflateStrategy: img1.deflateStrategy,","        });","\t\t\tvar targetPix = imgd.data;","","\t\t\tvar mismatchCount = 0;","","\t\t\tvar time = Date.now();","","\t\t\tvar skip;","","      var currentRectangle = null;","      var rectagnlesIdx = 0;","","\t\t\tif(!!largeImageThreshold && ignoreAntialiasing && (width > largeImageThreshold || height > largeImageThreshold)){","\t\t\t\tskip = 6;","\t\t\t}","","\t\t\tloop(height, width, function(verticalPos, horizontalPos){","","\t\t\t\tif(skip){ // only skip if the image isn't small","\t\t\t\t\tif(verticalPos % skip === 0 || horizontalPos % skip === 0){","\t\t\t\t\t\treturn;","\t\t\t\t\t}","\t\t\t\t}","","\t\t\t\tvar offset = (verticalPos*width + horizontalPos) * 4;","\t\t\t\tvar pixel1 = getPixelInfo(data1, offset, 1);","\t\t\t\tvar pixel2 = getPixelInfo(data2, offset, 2);","","\t\t\t\tif(pixel1 === null || pixel2 === null){","\t\t\t\t\treturn;","\t\t\t\t}","","        if (ignoreRectangles) {","          for(rectagnlesIdx = 0; rectagnlesIdx < ignoreRectangles.length; rectagnlesIdx++) {","            currentRectangle = ignoreRectangles[rectagnlesIdx];","            //console.log(currentRectangle, verticalPos, horizontalPos);","            if (","              (verticalPos >= currentRectangle[1]) &&","              (verticalPos < currentRectangle[1] + currentRectangle[3]) &&","              (horizontalPos >= currentRectangle[0]) &&","              (horizontalPos < currentRectangle[0] + currentRectangle[2])","            ) {","\t\t\t\t\t\t  copyGrayScalePixel(targetPix, offset, pixel2);","\t\t\t\t\t    //copyPixel(targetPix, offset, pixel1, pixel2);","              return;","            }","          }","        }","","\t\t\t\tif (ignoreColors){","","\t\t\t\t\taddBrightnessInfo(pixel1);","\t\t\t\t\taddBrightnessInfo(pixel2);","","\t\t\t\t\tif( isPixelBrightnessSimilar(pixel1, pixel2) ){","\t\t\t\t\t\tcopyGrayScalePixel(targetPix, offset, pixel2);","\t\t\t\t\t} else {","\t\t\t\t\t\terrorPixel(targetPix, offset, pixel1, pixel2);","\t\t\t\t\t\tmismatchCount++;","\t\t\t\t\t}","\t\t\t\t\treturn;","\t\t\t\t}","","\t\t\t\tif( isRGBSimilar(pixel1, pixel2) ){","\t\t\t\t\tcopyPixel(targetPix, offset, pixel1, pixel2);","","\t\t\t\t} else if( ignoreAntialiasing && (","\t\t\t\t\t\taddBrightnessInfo(pixel1), // jit pixel info augmentation looks a little weird, sorry.","\t\t\t\t\t\taddBrightnessInfo(pixel2),","\t\t\t\t\t\tisAntialiased(pixel1, data1, 1, verticalPos, horizontalPos, width) ||","\t\t\t\t\t\tisAntialiased(pixel2, data2, 2, verticalPos, horizontalPos, width)","\t\t\t\t\t)){","","\t\t\t\t\tif( isPixelBrightnessSimilar(pixel1, pixel2) ){","\t\t\t\t\t\tcopyGrayScalePixel(targetPix, offset, pixel2);","\t\t\t\t\t} else {","\t\t\t\t\t\terrorPixel(targetPix, offset, pixel1, pixel2);","\t\t\t\t\t\tmismatchCount++;","\t\t\t\t\t}","\t\t\t\t} else {","\t\t\t\t\terrorPixel(targetPix, offset, pixel1, pixel2);","\t\t\t\t\tmismatchCount++;","\t\t\t\t}","","\t\t\t});","","\t\t\tdata.misMatchPercentage = (mismatchCount / (height*width) * 100).toFixed(2);","\t\t\tdata.analysisTime = Date.now() - time;","","\t\t\tdata.getDiffImage = function(text){","        return imgd;","\t\t\t};","","\t\t\tdata.getDiffImageAsJPEG = function(quality) {","\t\t\t\treturn jpeg.encode({","\t\t\t\t  data: targetPix,","\t\t\t\t  width: img1.width,","\t\t\t\t  height: img1.height","\t\t\t\t}, quality !== undefined ? quality : 50).data;","\t\t\t};","\t\t}","","\t\tfunction compare(one, two){","","\t\t\tfunction onceWeHaveBoth(img){","\t\t\t\tvar width;","\t\t\t\tvar height;","","        images.push(img);","\t\t\t\tif(images.length === 2){","\t\t\t\t\twidth = images[0].width > images[1].width ? images[0].width : images[1].width;","\t\t\t\t\theight = images[0].height > images[1].height ? images[0].height : images[1].height;","","\t\t\t\t\tif( (images[0].width === images[1].width) && (images[0].height === images[1].height) ){","\t\t\t\t\t\tdata.isSameDimensions = true;","\t\t\t\t\t} else {","\t\t\t\t\t\tdata.isSameDimensions = false;","\t\t\t\t\t}","","\t\t\t\t\tdata.dimensionDifference = { width: images[0].width - images[1].width, height: images[0].height - images[1].height };","","          //lksv: normalization removed","\t\t\t\t\tanalyseImages( images[0], images[1], width, height);","","\t\t\t\t\ttriggerDataUpdate();","\t\t\t\t}","\t\t\t}","","\t\t\timages = [];","\t\t\tloadImageData(one, onceWeHaveBoth);","\t\t\tloadImageData(two, onceWeHaveBoth);","\t\t}","","\t\tfunction getCompareApi(param){","","\t\t\tvar secondFileData,","\t\t\t\thasMethod = typeof param === 'function';","","\t\t\tif( !hasMethod ){","\t\t\t\t// assume it's file data","\t\t\t\tsecondFileData = param;","\t\t\t}","","\t\t\tvar self = {","\t\t\t\tignoreNothing: function(){","","\t\t\t\t\ttolerance.red = 16;","\t\t\t\t\ttolerance.green = 16;","\t\t\t\t\ttolerance.blue = 16;","\t\t\t\t\ttolerance.alpha = 16;","\t\t\t\t\ttolerance.minBrightness = 16;","\t\t\t\t\ttolerance.maxBrightness = 240;","","\t\t\t\t\tignoreAntialiasing = false;","\t\t\t\t\tignoreColors = false;","","\t\t\t\t\tif(hasMethod) { param(); }","\t\t\t\t\treturn self;","\t\t\t\t},","\t\t\t\tignoreAntialiasing: function(){","","\t\t\t\t\ttolerance.red = 32;","\t\t\t\t\ttolerance.green = 32;","\t\t\t\t\ttolerance.blue = 32;","\t\t\t\t\ttolerance.alpha = 32;","\t\t\t\t\ttolerance.minBrightness = 64;","\t\t\t\t\ttolerance.maxBrightness = 96;","","\t\t\t\t\tignoreAntialiasing = true;","\t\t\t\t\tignoreColors = false;","","\t\t\t\t\tif(hasMethod) { param(); }","\t\t\t\t\treturn self;","\t\t\t\t},","\t\t\t\tignoreColors: function(){","","\t\t\t\t\ttolerance.alpha = 16;","\t\t\t\t\ttolerance.minBrightness = 16;","\t\t\t\t\ttolerance.maxBrightness = 240;","","\t\t\t\t\tignoreAntialiasing = false;","\t\t\t\t\tignoreColors = true;","","\t\t\t\t\tif(hasMethod) { param(); }","\t\t\t\t\treturn self;","\t\t\t\t},","        //array of rectangles, each rectangle is defined as (x, y, width. height)","        //e.g. [[325, 170, 100, 40]]","        ignoreRectangles: function(rectangles) {","          ignoreRectangles = rectangles;","          return self;","        },","\t\t\t\trepaint: function(){","\t\t\t\t\tif(hasMethod) { param(); }","\t\t\t\t\treturn self;","\t\t\t\t},","\t\t\t\tonComplete: function( callback ){","","\t\t\t\t\tupdateCallbackArray.push(callback);","","\t\t\t\t\tvar wrapper = function(){","\t\t\t\t\t\tcompare(fileData, secondFileData);","\t\t\t\t\t};","","\t\t\t\t\twrapper();","","\t\t\t\t\treturn getCompareApi(wrapper);","\t\t\t\t}","\t\t\t};","","\t\t\treturn self;","\t\t}","","\t\treturn {","\t\t\tonComplete: function( callback ){","\t\t\t\tupdateCallbackArray.push(callback);","\t\t\t\tloadImageData(fileData, function(imageData, width, height){","\t\t\t\t\tparseImage(imageData.data, width, height);","\t\t\t\t});","\t\t\t},","\t\t\tcompareTo: function(secondFileData){","\t\t\t\treturn getCompareApi(secondFileData);","\t\t\t}","\t\t};","","\t};","","\t_this['resemble'].outputSettings = function(options){","\t\tvar key;","\t\tvar undefined;","","\t\tif(options.errorColor){","\t\t\tfor (key in options.errorColor) {","\t\t\t\terrorPixelColor[key] = options.errorColor[key] === undefined ? errorPixelColor[key] : options.errorColor[key];","\t\t\t}","\t\t}","","\t\tif(options.errorType && errorPixelTransform[options.errorType] ){","\t\t\terrorPixelTransformer = errorPixelTransform[options.errorType];","\t\t}","\t\t","\t\tpixelTransparency = options.transparency || pixelTransparency;","","\t\tif (options.largeImageThreshold !== undefined) {","\t\t\tlargeImageThreshold = options.largeImageThreshold;","\t\t}","","\t\treturn this;","\t};","","module.exports = _this['resemble']",""],"l":{"7":1,"8":1,"9":1,"12":1,"14":1,"16":1,"23":1,"25":0,"33":0,"42":1,"43":1,"45":1,"47":0,"48":0,"49":0,"51":0,"60":0,"61":0,"62":0,"64":1,"65":0,"66":0,"67":0,"68":0,"69":0,"74":1,"75":0,"77":0,"78":0,"79":0,"84":1,"86":0,"87":0,"88":0,"89":0,"90":0,"92":0,"93":0,"94":0,"95":0,"96":0,"97":0,"99":0,"101":0,"102":0,"103":0,"104":0,"107":0,"108":0,"109":0,"110":0,"112":0,"115":1,"117":0,"118":0,"119":0,"120":0,"123":0,"124":0,"125":0,"126":0,"129":0,"132":0,"133":0,"134":0,"135":0,"140":1,"142":0,"144":0,"145":0,"147":0,"148":0,"151":0,"152":0,"153":0,"154":0,"156":0,"160":1,"161":0,"164":1,"165":0,"166":0,"167":0,"170":1,"171":0,"174":1,"175":0,"176":0,"177":0,"178":0,"181":1,"182":0,"183":0,"184":0,"185":0,"187":0,"190":1,"191":0,"194":1,"196":0,"197":0,"198":0,"199":0,"200":0,"201":0,"203":0,"204":0,"206":0,"207":0,"208":0,"209":0,"210":0,"212":0,"215":0,"218":1,"219":0,"220":0,"221":0,"222":0,"223":0,"224":0,"225":0,"226":0,"228":0,"230":0,"231":0,"233":0,"237":0,"238":0,"240":0,"241":0,"244":0,"245":0,"247":0,"248":0,"251":0,"252":0,"255":0,"256":0,"259":0,"260":0,"266":0,"267":0,"270":0,"273":1,"274":0,"275":0,"276":0,"277":0,"278":0,"281":1,"282":0,"283":0,"284":0,"285":0,"288":1,"289":0,"290":0,"291":0,"292":0,"295":1,"296":0,"297":0,"298":0,"299":0,"300":0,"302":0,"304":0,"305":0,"306":0,"307":0,"308":0,"315":0,"317":0,"321":1,"322":0,"325":1,"326":0,"329":1,"331":0,"332":0,"335":0,"342":0,"344":0,"346":0,"348":0,"350":0,"351":0,"353":0,"354":0,"357":0,"359":0,"360":0,"361":0,"365":0,"366":0,"367":0,"369":0,"370":0,"373":0,"374":0,"375":0,"377":0,"383":0,"385":0,"390":0,"392":0,"393":0,"395":0,"396":0,"398":0,"399":0,"401":0,"404":0,"405":0,"407":0,"414":0,"415":0,"417":0,"418":0,"421":0,"422":0,"427":0,"428":0,"430":0,"431":0,"434":0,"435":0,"443":1,"445":1,"446":0,"447":0,"449":0,"450":0,"451":0,"452":0,"454":0,"455":0,"457":0,"460":0,"463":0,"465":0,"469":0,"470":0,"471":0,"474":1,"476":0,"479":0,"481":0,"484":0,"487":0,"488":0,"489":0,"490":0,"491":0,"492":0,"494":0,"495":0,"497":0,"498":0,"502":0,"503":0,"504":0,"505":0,"506":0,"507":0,"509":0,"510":0,"512":0,"513":0,"517":0,"518":0,"519":0,"521":0,"522":0,"524":0,"525":0,"530":0,"531":0,"534":0,"535":0,"539":0,"541":0,"542":0,"545":0,"547":0,"551":0,"554":0,"556":0,"557":0,"558":0,"562":0,"568":1,"569":0,"570":0,"572":0,"573":0,"574":0,"578":0,"579":0,"582":0,"584":0,"585":0,"588":0,"591":1}},"/home/travis/build/npmtest/node-npmtest-node-resemble-js/node_modules/node-resemble-js/gulpfile.js":{"path":"/home/travis/build/npmtest/node-npmtest-node-resemble-js/node_modules/node-resemble-js/gulpfile.js","s":{"1":2,"2":0,"3":0,"4":0,"5":0,"6":1,"7":0,"8":1,"9":0,"10":0,"11":0,"12":0,"13":0,"14":0,"15":0,"16":0,"17":0,"18":0,"19":0},"b":{"1":[0,0]},"f":{"1":0,"2":0,"3":0,"4":0,"5":0,"6":0},"fnMap":{"1":{"name":"runTests","line":8,"loc":{"start":{"line":8,"column":0},"end":{"line":8,"column":32}}},"2":{"name":"errorHandler","line":16,"loc":{"start":{"line":16,"column":0},"end":{"line":16,"column":36}}},"3":{"name":"(anonymous_3)","line":17,"loc":{"start":{"line":17,"column":9},"end":{"line":17,"column":25}}},"4":{"name":"(anonymous_4)","line":27,"loc":{"start":{"line":27,"column":18},"end":{"line":27,"column":29}}},"5":{"name":"(anonymous_5)","line":31,"loc":{"start":{"line":31,"column":23},"end":{"line":31,"column":34}}},"6":{"name":"(anonymous_6)","line":34,"loc":{"start":{"line":34,"column":43},"end":{"line":34,"column":54}}}},"statementMap":{"1":{"start":{"line":1,"column":0},"end":{"line":1,"column":27}},"2":{"start":{"line":2,"column":0},"end":{"line":2,"column":38}},"3":{"start":{"line":3,"column":0},"end":{"line":3,"column":33}},"4":{"start":{"line":5,"column":0},"end":{"line":5,"column":29}},"5":{"start":{"line":6,"column":0},"end":{"line":6,"column":35}},"6":{"start":{"line":8,"column":0},"end":{"line":14,"column":1}},"7":{"start":{"line":9,"column":2},"end":{"line":13,"column":45}},"8":{"start":{"line":16,"column":0},"end":{"line":25,"column":1}},"9":{"start":{"line":17,"column":2},"end":{"line":24,"column":3}},"10":{"start":{"line":18,"column":4},"end":{"line":23,"column":5}},"11":{"start":{"line":19,"column":6},"end":{"line":19,"column":18}},"12":{"start":{"line":21,"column":6},"end":{"line":21,"column":65}},"13":{"start":{"line":22,"column":6},"end":{"line":22,"column":23}},"14":{"start":{"line":27,"column":0},"end":{"line":29,"column":3}},"15":{"start":{"line":28,"column":2},"end":{"line":28,"column":24}},"16":{"start":{"line":31,"column":0},"end":{"line":37,"column":3}},"17":{"start":{"line":32,"column":2},"end":{"line":32,"column":18}},"18":{"start":{"line":34,"column":2},"end":{"line":36,"column":5}},"19":{"start":{"line":35,"column":4},"end":{"line":35,"column":20}}},"branchMap":{"1":{"line":18,"type":"if","locations":[{"start":{"line":18,"column":4},"end":{"line":18,"column":4}},{"start":{"line":18,"column":4},"end":{"line":18,"column":4}}]}},"code":["var gulp = require('gulp');","var jasmine = require('gulp-jasmine');","var gutil = require('gulp-util');","","var srcFiles = 'resemble.js';","var specFiles = 'resemble.spec.js';","","function runTests(breakOnError) {","  return gulp.src(specFiles)","    .pipe(jasmine({","      includeStackTrace: true","    }))","    .on('error', errorHandler(breakOnError));","}","","function errorHandler(breakOnError) {","  return function(error) {","    if (breakOnError) {","      throw error;","    } else {","      gutil.log(gutil.colors.red('[Jasmine]'), error.toString());","      this.emit('end');","    }","  }","}","","gulp.task('test', function() {","  return runTests(true);","});","","gulp.task('test:auto', function() {","  runTests(false);","","  return gulp.watch([srcFiles, specFiles], function() {","    runTests(false);","  });","});",""],"l":{"1":2,"2":0,"3":0,"5":0,"6":0,"8":1,"9":0,"16":1,"17":0,"18":0,"19":0,"21":0,"22":0,"27":0,"28":0,"31":0,"32":0,"34":0,"35":0}}}